checksum_http_service=LISTENING
checksum_http_port=19411
checksum_http_workers=1
checksum_http_mode=emulate
checksum_http_runtime=/Users/danielscai/Documents/workspace/navpay/navpay-phonepe/src/services/checksum/runtime
checksum_http_library=/Users/danielscai/Documents/workspace/navpay/navpay-phonepe/src/services/checksum/runtime/lib/arm64-v8a/libphonepe-cryptography-support-lib.so
WARNING: A restricted method in java.lang.System has been called
WARNING: java.lang.System::loadLibrary has been called by org.scijava.nativelib.NativeLoader in an unnamed module (file:/Users/danielscai/Documents/workspace/navpay/navpay-phonepe/src/services/checksum/target/checksum-service.jar)
WARNING: Use --enable-native-access=ALL-UNNAMED to avoid a warning for callers in this module
WARNING: Restricted methods will be blocked in a future release unless native access is enabled

[pool-1-thread-1] INFO com.github.unidbg.linux.AndroidSyscallHandler - Return default pipe pair.
checksum_perf construct_ms=0.000 execute_ms=1672.283 prepare_ms=1575.842 checksum_ms=51.022 jnmcs_ms=50.825 reused=false
checksum_perf construct_ms=0.000 execute_ms=6.310 prepare_ms=0.001 checksum_ms=5.728 jnmcs_ms=5.667 reused=true
checksum_perf construct_ms=0.000 execute_ms=3.852 prepare_ms=0.001 checksum_ms=3.318 jnmcs_ms=3.275 reused=true
checksum_perf construct_ms=0.000 execute_ms=3.348 prepare_ms=0.001 checksum_ms=2.899 jnmcs_ms=2.864 reused=true
checksum_perf construct_ms=0.000 execute_ms=5.193 prepare_ms=0.001 checksum_ms=4.649 jnmcs_ms=4.593 reused=true
checksum_perf construct_ms=0.000 execute_ms=6.319 prepare_ms=0.001 checksum_ms=5.102 jnmcs_ms=5.020 reused=true
checksum_perf construct_ms=0.000 execute_ms=3.966 prepare_ms=0.001 checksum_ms=3.476 jnmcs_ms=3.432 reused=true
checksum_perf construct_ms=0.000 execute_ms=9.064 prepare_ms=0.001 checksum_ms=7.972 jnmcs_ms=7.812 reused=true
checksum_perf construct_ms=0.000 execute_ms=4.592 prepare_ms=0.001 checksum_ms=3.643 jnmcs_ms=3.550 reused=true
checksum_perf construct_ms=0.000 execute_ms=4.162 prepare_ms=0.001 checksum_ms=3.635 jnmcs_ms=3.585 reused=true
checksum_perf construct_ms=0.000 execute_ms=6.020 prepare_ms=0.001 checksum_ms=5.464 jnmcs_ms=5.383 reused=true
checksum_perf construct_ms=0.000 execute_ms=6.197 prepare_ms=0.001 checksum_ms=5.653 jnmcs_ms=5.594 reused=true
checksum_perf construct_ms=0.000 execute_ms=5.269 prepare_ms=0.001 checksum_ms=4.596 jnmcs_ms=4.540 reused=true
checksum_perf construct_ms=0.000 execute_ms=5.358 prepare_ms=0.001 checksum_ms=4.754 jnmcs_ms=4.700 reused=true
checksum_perf construct_ms=0.000 execute_ms=3.234 prepare_ms=0.001 checksum_ms=2.795 jnmcs_ms=2.760 reused=true
checksum_perf construct_ms=0.000 execute_ms=6.352 prepare_ms=0.001 checksum_ms=5.378 jnmcs_ms=5.330 reused=true
checksum_perf construct_ms=0.000 execute_ms=4.675 prepare_ms=0.001 checksum_ms=4.203 jnmcs_ms=4.151 reused=true
checksum_perf construct_ms=0.000 execute_ms=5.550 prepare_ms=0.001 checksum_ms=4.481 jnmcs_ms=4.142 reused=true
checksum_perf construct_ms=0.000 execute_ms=3.767 prepare_ms=0.001 checksum_ms=3.108 jnmcs_ms=3.062 reused=true
checksum_perf construct_ms=0.000 execute_ms=4.488 prepare_ms=0.001 checksum_ms=3.650 jnmcs_ms=3.573 reused=true
checksum_perf construct_ms=0.000 execute_ms=6.680 prepare_ms=0.001 checksum_ms=5.638 jnmcs_ms=5.555 reused=true
checksum_perf construct_ms=0.000 execute_ms=3.705 prepare_ms=0.001 checksum_ms=3.054 jnmcs_ms=2.978 reused=true
checksum_perf construct_ms=0.000 execute_ms=4.374 prepare_ms=0.001 checksum_ms=3.110 jnmcs_ms=3.058 reused=true
checksum_perf construct_ms=0.000 execute_ms=4.016 prepare_ms=0.001 checksum_ms=3.181 jnmcs_ms=3.133 reused=true
checksum_perf construct_ms=0.000 execute_ms=3.069 prepare_ms=0.000 checksum_ms=2.759 jnmcs_ms=2.727 reused=true
checksum_perf construct_ms=0.000 execute_ms=2.785 prepare_ms=0.001 checksum_ms=2.479 jnmcs_ms=2.456 reused=true
checksum_perf construct_ms=0.000 execute_ms=2.883 prepare_ms=0.000 checksum_ms=2.611 jnmcs_ms=2.579 reused=true
checksum_perf construct_ms=0.000 execute_ms=4.654 prepare_ms=0.001 checksum_ms=3.669 jnmcs_ms=3.574 reused=true
checksum_perf construct_ms=0.000 execute_ms=4.060 prepare_ms=0.001 checksum_ms=3.391 jnmcs_ms=3.348 reused=true
checksum_perf construct_ms=0.000 execute_ms=4.573 prepare_ms=0.001 checksum_ms=4.228 jnmcs_ms=4.154 reused=true
checksum_perf construct_ms=0.000 execute_ms=6.386 prepare_ms=0.001 checksum_ms=5.994 jnmcs_ms=5.946 reused=true
checksum_perf construct_ms=0.000 execute_ms=8.550 prepare_ms=0.000 checksum_ms=7.755 jnmcs_ms=7.643 reused=true
checksum_perf construct_ms=0.000 execute_ms=4.223 prepare_ms=0.001 checksum_ms=3.774 jnmcs_ms=3.726 reused=true
checksum_perf construct_ms=0.000 execute_ms=3.008 prepare_ms=0.001 checksum_ms=2.664 jnmcs_ms=2.634 reused=true
checksum_perf construct_ms=0.000 execute_ms=6.168 prepare_ms=0.001 checksum_ms=5.397 jnmcs_ms=5.341 reused=true
checksum_perf construct_ms=0.000 execute_ms=3.037 prepare_ms=0.001 checksum_ms=2.698 jnmcs_ms=2.660 reused=true
checksum_perf construct_ms=0.000 execute_ms=4.317 prepare_ms=0.001 checksum_ms=3.964 jnmcs_ms=3.930 reused=true
checksum_perf construct_ms=0.000 execute_ms=3.458 prepare_ms=0.001 checksum_ms=2.895 jnmcs_ms=2.860 reused=true
checksum_perf construct_ms=0.000 execute_ms=3.692 prepare_ms=0.001 checksum_ms=3.151 jnmcs_ms=3.121 reused=true
checksum_perf construct_ms=0.000 execute_ms=3.834 prepare_ms=0.001 checksum_ms=3.320 jnmcs_ms=3.273 reused=true
checksum_perf construct_ms=0.000 execute_ms=4.395 prepare_ms=0.001 checksum_ms=4.037 jnmcs_ms=3.999 reused=true
checksum_perf construct_ms=0.000 execute_ms=2.984 prepare_ms=0.001 checksum_ms=2.625 jnmcs_ms=2.599 reused=true
checksum_perf construct_ms=0.000 execute_ms=4.974 prepare_ms=0.001 checksum_ms=4.083 jnmcs_ms=4.005 reused=true
checksum_perf construct_ms=0.000 execute_ms=2.971 prepare_ms=0.001 checksum_ms=2.666 jnmcs_ms=2.640 reused=true
checksum_perf construct_ms=0.000 execute_ms=3.106 prepare_ms=0.000 checksum_ms=2.814 jnmcs_ms=2.788 reused=true
checksum_perf construct_ms=0.000 execute_ms=5.320 prepare_ms=0.001 checksum_ms=5.043 jnmcs_ms=5.000 reused=true
checksum_perf construct_ms=0.000 execute_ms=7.791 prepare_ms=0.001 checksum_ms=7.344 jnmcs_ms=7.300 reused=true
checksum_perf construct_ms=0.000 execute_ms=4.859 prepare_ms=0.001 checksum_ms=4.539 jnmcs_ms=4.508 reused=true
checksum_perf construct_ms=0.000 execute_ms=5.497 prepare_ms=0.001 checksum_ms=5.223 jnmcs_ms=5.171 reused=true
checksum_perf construct_ms=0.000 execute_ms=3.633 prepare_ms=0.001 checksum_ms=3.240 jnmcs_ms=3.208 reused=true
checksum_perf construct_ms=0.000 execute_ms=3.535 prepare_ms=0.001 checksum_ms=2.625 jnmcs_ms=2.593 reused=true
checksum_perf construct_ms=0.000 execute_ms=6.517 prepare_ms=0.001 checksum_ms=4.777 jnmcs_ms=4.733 reused=true
checksum_perf construct_ms=0.000 execute_ms=2.888 prepare_ms=0.001 checksum_ms=2.612 jnmcs_ms=2.592 reused=true
checksum_perf construct_ms=0.000 execute_ms=3.356 prepare_ms=0.001 checksum_ms=2.646 jnmcs_ms=2.610 reused=true
checksum_perf construct_ms=0.000 execute_ms=2.607 prepare_ms=0.001 checksum_ms=2.331 jnmcs_ms=2.310 reused=true
checksum_perf construct_ms=0.000 execute_ms=5.490 prepare_ms=0.001 checksum_ms=4.881 jnmcs_ms=4.844 reused=true
checksum_perf construct_ms=0.000 execute_ms=5.178 prepare_ms=0.001 checksum_ms=3.727 jnmcs_ms=3.693 reused=true
checksum_perf construct_ms=0.000 execute_ms=4.263 prepare_ms=0.001 checksum_ms=3.947 jnmcs_ms=3.911 reused=true
checksum_perf construct_ms=0.000 execute_ms=3.788 prepare_ms=0.001 checksum_ms=3.127 jnmcs_ms=3.080 reused=true
checksum_perf construct_ms=0.000 execute_ms=2.966 prepare_ms=0.001 checksum_ms=2.467 jnmcs_ms=2.442 reused=true
checksum_perf construct_ms=0.000 execute_ms=3.632 prepare_ms=0.001 checksum_ms=2.975 jnmcs_ms=2.939 reused=true
checksum_perf construct_ms=0.000 execute_ms=7.592 prepare_ms=0.001 checksum_ms=5.723 jnmcs_ms=5.677 reused=true
checksum_perf construct_ms=0.000 execute_ms=6.411 prepare_ms=0.001 checksum_ms=5.507 jnmcs_ms=5.469 reused=true
checksum_perf construct_ms=0.000 execute_ms=5.167 prepare_ms=0.001 checksum_ms=2.924 jnmcs_ms=2.898 reused=true
checksum_perf construct_ms=0.000 execute_ms=5.729 prepare_ms=0.001 checksum_ms=3.213 jnmcs_ms=3.184 reused=true
checksum_perf construct_ms=0.000 execute_ms=2.850 prepare_ms=0.001 checksum_ms=2.604 jnmcs_ms=2.576 reused=true
checksum_perf construct_ms=0.000 execute_ms=3.258 prepare_ms=0.000 checksum_ms=3.012 jnmcs_ms=2.987 reused=true
checksum_perf construct_ms=0.000 execute_ms=2.649 prepare_ms=0.001 checksum_ms=2.420 jnmcs_ms=2.401 reused=true
checksum_perf construct_ms=0.000 execute_ms=2.615 prepare_ms=0.001 checksum_ms=2.423 jnmcs_ms=2.403 reused=true
checksum_perf construct_ms=0.000 execute_ms=50.307 prepare_ms=0.001 checksum_ms=49.141 jnmcs_ms=49.057 reused=true
checksum_perf construct_ms=0.000 execute_ms=8.334 prepare_ms=0.001 checksum_ms=7.615 jnmcs_ms=7.567 reused=true
checksum_perf construct_ms=0.000 execute_ms=10.602 prepare_ms=0.002 checksum_ms=8.856 jnmcs_ms=8.720 reused=true
checksum_perf construct_ms=0.000 execute_ms=9.764 prepare_ms=0.001 checksum_ms=7.358 jnmcs_ms=7.287 reused=true
checksum_perf construct_ms=0.000 execute_ms=6.850 prepare_ms=0.001 checksum_ms=6.380 jnmcs_ms=6.330 reused=true
checksum_perf construct_ms=0.000 execute_ms=7.711 prepare_ms=0.002 checksum_ms=6.234 jnmcs_ms=6.118 reused=true
checksum_perf construct_ms=0.000 execute_ms=8.936 prepare_ms=0.001 checksum_ms=8.064 jnmcs_ms=8.006 reused=true
checksum_perf construct_ms=0.000 execute_ms=12.123 prepare_ms=0.002 checksum_ms=11.085 jnmcs_ms=10.999 reused=true
checksum_perf construct_ms=0.000 execute_ms=6.022 prepare_ms=0.001 checksum_ms=5.584 jnmcs_ms=5.517 reused=true
checksum_perf construct_ms=0.000 execute_ms=6.270 prepare_ms=0.001 checksum_ms=5.644 jnmcs_ms=5.529 reused=true
checksum_perf construct_ms=0.000 execute_ms=5.310 prepare_ms=0.001 checksum_ms=4.615 jnmcs_ms=4.560 reused=true
checksum_perf construct_ms=0.000 execute_ms=14.330 prepare_ms=0.001 checksum_ms=10.030 jnmcs_ms=9.654 reused=true
checksum_perf construct_ms=0.000 execute_ms=6.475 prepare_ms=0.001 checksum_ms=6.001 jnmcs_ms=5.959 reused=true
checksum_perf construct_ms=0.000 execute_ms=6.993 prepare_ms=0.001 checksum_ms=6.570 jnmcs_ms=6.499 reused=true
checksum_perf construct_ms=0.000 execute_ms=9.132 prepare_ms=0.001 checksum_ms=8.769 jnmcs_ms=8.717 reused=true
checksum_perf construct_ms=0.000 execute_ms=6.750 prepare_ms=0.001 checksum_ms=4.863 jnmcs_ms=4.801 reused=true
checksum_perf construct_ms=0.000 execute_ms=7.714 prepare_ms=0.001 checksum_ms=7.395 jnmcs_ms=7.322 reused=true
checksum_perf construct_ms=0.000 execute_ms=5.887 prepare_ms=0.001 checksum_ms=5.036 jnmcs_ms=4.969 reused=true
checksum_perf construct_ms=0.000 execute_ms=12.891 prepare_ms=0.001 checksum_ms=10.761 jnmcs_ms=10.714 reused=true
checksum_perf construct_ms=0.000 execute_ms=5.455 prepare_ms=0.001 checksum_ms=5.104 jnmcs_ms=5.040 reused=true
checksum_perf construct_ms=0.000 execute_ms=4.535 prepare_ms=0.001 checksum_ms=4.105 jnmcs_ms=4.018 reused=true
checksum_perf construct_ms=0.000 execute_ms=6.135 prepare_ms=0.001 checksum_ms=5.840 jnmcs_ms=5.803 reused=true
checksum_perf construct_ms=0.000 execute_ms=6.769 prepare_ms=0.001 checksum_ms=6.384 jnmcs_ms=6.315 reused=true
checksum_perf construct_ms=0.000 execute_ms=9.898 prepare_ms=0.001 checksum_ms=9.103 jnmcs_ms=8.994 reused=true
checksum_perf construct_ms=0.000 execute_ms=5.713 prepare_ms=0.001 checksum_ms=5.067 jnmcs_ms=5.015 reused=true
checksum_perf construct_ms=0.000 execute_ms=5.506 prepare_ms=0.001 checksum_ms=4.805 jnmcs_ms=4.771 reused=true
checksum_perf construct_ms=0.000 execute_ms=2.701 prepare_ms=0.000 checksum_ms=2.430 jnmcs_ms=2.413 reused=true
checksum_perf construct_ms=0.000 execute_ms=7.044 prepare_ms=0.001 checksum_ms=4.787 jnmcs_ms=4.728 reused=true
checksum_perf construct_ms=0.000 execute_ms=4.789 prepare_ms=0.001 checksum_ms=4.092 jnmcs_ms=4.039 reused=true
checksum_perf construct_ms=0.000 execute_ms=7.502 prepare_ms=0.001 checksum_ms=7.055 jnmcs_ms=6.985 reused=true
checksum_perf construct_ms=0.000 execute_ms=7.319 prepare_ms=0.001 checksum_ms=6.707 jnmcs_ms=6.636 reused=true
checksum_perf construct_ms=0.000 execute_ms=6.284 prepare_ms=0.001 checksum_ms=4.785 jnmcs_ms=4.561 reused=true
checksum_perf construct_ms=0.000 execute_ms=7.269 prepare_ms=0.001 checksum_ms=6.663 jnmcs_ms=6.595 reused=true
checksum_perf construct_ms=0.000 execute_ms=9.138 prepare_ms=0.010 checksum_ms=5.604 jnmcs_ms=5.545 reused=true
checksum_perf construct_ms=0.000 execute_ms=2.708 prepare_ms=0.001 checksum_ms=2.466 jnmcs_ms=2.449 reused=true
checksum_perf construct_ms=0.000 execute_ms=4.141 prepare_ms=0.007 checksum_ms=3.344 jnmcs_ms=3.324 reused=true
checksum_perf construct_ms=0.000 execute_ms=2.750 prepare_ms=0.001 checksum_ms=2.493 jnmcs_ms=2.479 reused=true
checksum_perf construct_ms=0.000 execute_ms=6.045 prepare_ms=0.001 checksum_ms=5.574 jnmcs_ms=5.473 reused=true
checksum_perf construct_ms=0.000 execute_ms=7.334 prepare_ms=0.001 checksum_ms=7.059 jnmcs_ms=6.970 reused=true
checksum_perf construct_ms=0.000 execute_ms=16.749 prepare_ms=0.001 checksum_ms=16.338 jnmcs_ms=16.290 reused=true
checksum_perf construct_ms=0.000 execute_ms=6.333 prepare_ms=0.001 checksum_ms=5.364 jnmcs_ms=5.294 reused=true
checksum_perf construct_ms=0.000 execute_ms=8.528 prepare_ms=0.001 checksum_ms=5.966 jnmcs_ms=5.918 reused=true
checksum_perf construct_ms=0.000 execute_ms=22.161 prepare_ms=0.002 checksum_ms=21.578 jnmcs_ms=21.463 reused=true
checksum_perf construct_ms=0.000 execute_ms=8.756 prepare_ms=0.001 checksum_ms=8.181 jnmcs_ms=8.131 reused=true
checksum_perf construct_ms=0.000 execute_ms=7.096 prepare_ms=0.001 checksum_ms=6.420 jnmcs_ms=6.372 reused=true
checksum_perf construct_ms=0.000 execute_ms=12.653 prepare_ms=0.001 checksum_ms=7.965 jnmcs_ms=7.913 reused=true
checksum_perf construct_ms=0.000 execute_ms=12.988 prepare_ms=0.001 checksum_ms=11.776 jnmcs_ms=11.628 reused=true
checksum_perf construct_ms=0.000 execute_ms=17.221 prepare_ms=0.001 checksum_ms=16.849 jnmcs_ms=15.722 reused=true
checksum_perf construct_ms=0.000 execute_ms=5.497 prepare_ms=0.001 checksum_ms=4.792 jnmcs_ms=4.761 reused=true
checksum_perf construct_ms=0.000 execute_ms=7.400 prepare_ms=0.001 checksum_ms=6.653 jnmcs_ms=6.610 reused=true
checksum_perf construct_ms=0.000 execute_ms=8.147 prepare_ms=0.001 checksum_ms=7.249 jnmcs_ms=7.217 reused=true
checksum_perf construct_ms=0.000 execute_ms=7.138 prepare_ms=0.001 checksum_ms=5.031 jnmcs_ms=3.356 reused=true
checksum_perf construct_ms=0.000 execute_ms=3.279 prepare_ms=0.001 checksum_ms=2.760 jnmcs_ms=2.745 reused=true
checksum_perf construct_ms=0.000 execute_ms=2.535 prepare_ms=0.000 checksum_ms=2.322 jnmcs_ms=2.309 reused=true
checksum_perf construct_ms=0.000 execute_ms=4.962 prepare_ms=0.000 checksum_ms=4.616 jnmcs_ms=4.598 reused=true
checksum_perf construct_ms=0.000 execute_ms=3.629 prepare_ms=0.001 checksum_ms=3.300 jnmcs_ms=3.281 reused=true
checksum_perf construct_ms=0.000 execute_ms=5.073 prepare_ms=0.001 checksum_ms=4.825 jnmcs_ms=4.807 reused=true
checksum_perf construct_ms=0.000 execute_ms=2.849 prepare_ms=0.001 checksum_ms=2.639 jnmcs_ms=2.616 reused=true
checksum_perf construct_ms=0.000 execute_ms=38.608 prepare_ms=0.001 checksum_ms=36.875 jnmcs_ms=36.788 reused=true
checksum_perf construct_ms=0.000 execute_ms=12.142 prepare_ms=0.001 checksum_ms=11.559 jnmcs_ms=11.490 reused=true
checksum_perf construct_ms=0.000 execute_ms=5.083 prepare_ms=0.001 checksum_ms=4.558 jnmcs_ms=4.520 reused=true
checksum_perf construct_ms=0.000 execute_ms=6.937 prepare_ms=0.001 checksum_ms=4.441 jnmcs_ms=4.400 reused=true
checksum_perf construct_ms=0.000 execute_ms=9.912 prepare_ms=0.001 checksum_ms=9.646 jnmcs_ms=9.608 reused=true
checksum_perf construct_ms=0.000 execute_ms=10.255 prepare_ms=0.001 checksum_ms=9.341 jnmcs_ms=9.300 reused=true
checksum_perf construct_ms=0.000 execute_ms=5.204 prepare_ms=0.001 checksum_ms=4.927 jnmcs_ms=4.897 reused=true
checksum_perf construct_ms=0.000 execute_ms=7.442 prepare_ms=0.001 checksum_ms=7.193 jnmcs_ms=7.108 reused=true
checksum_perf construct_ms=0.000 execute_ms=8.119 prepare_ms=0.001 checksum_ms=7.551 jnmcs_ms=7.510 reused=true
checksum_perf construct_ms=0.000 execute_ms=3.265 prepare_ms=0.001 checksum_ms=3.028 jnmcs_ms=3.003 reused=true
checksum_perf construct_ms=0.000 execute_ms=5.456 prepare_ms=0.001 checksum_ms=4.906 jnmcs_ms=4.868 reused=true
checksum_perf construct_ms=0.000 execute_ms=12.726 prepare_ms=0.002 checksum_ms=6.455 jnmcs_ms=6.179 reused=true
checksum_perf construct_ms=0.000 execute_ms=4.148 prepare_ms=0.001 checksum_ms=3.878 jnmcs_ms=3.857 reused=true
checksum_perf construct_ms=0.000 execute_ms=5.150 prepare_ms=0.001 checksum_ms=4.661 jnmcs_ms=4.502 reused=true
checksum_perf construct_ms=0.000 execute_ms=3.237 prepare_ms=0.001 checksum_ms=2.956 jnmcs_ms=2.936 reused=true
checksum_perf construct_ms=0.000 execute_ms=5.605 prepare_ms=0.001 checksum_ms=4.142 jnmcs_ms=4.117 reused=true
checksum_perf construct_ms=0.000 execute_ms=3.171 prepare_ms=0.001 checksum_ms=2.953 jnmcs_ms=2.935 reused=true
checksum_perf construct_ms=0.000 execute_ms=3.419 prepare_ms=0.001 checksum_ms=3.224 jnmcs_ms=3.204 reused=true
checksum_perf construct_ms=0.000 execute_ms=6.792 prepare_ms=0.001 checksum_ms=6.280 jnmcs_ms=6.211 reused=true
checksum_perf construct_ms=0.000 execute_ms=3.072 prepare_ms=0.001 checksum_ms=2.820 jnmcs_ms=2.798 reused=true
checksum_perf construct_ms=0.000 execute_ms=5.472 prepare_ms=0.001 checksum_ms=5.114 jnmcs_ms=5.090 reused=true
checksum_perf construct_ms=0.000 execute_ms=3.610 prepare_ms=0.001 checksum_ms=3.083 jnmcs_ms=3.064 reused=true
checksum_perf construct_ms=0.000 execute_ms=5.462 prepare_ms=0.002 checksum_ms=4.790 jnmcs_ms=4.747 reused=true
checksum_perf construct_ms=0.000 execute_ms=3.833 prepare_ms=0.001 checksum_ms=3.617 jnmcs_ms=3.592 reused=true
checksum_perf construct_ms=0.000 execute_ms=6.746 prepare_ms=0.001 checksum_ms=6.492 jnmcs_ms=6.425 reused=true
checksum_perf construct_ms=0.000 execute_ms=3.905 prepare_ms=0.001 checksum_ms=3.622 jnmcs_ms=3.570 reused=true
checksum_perf construct_ms=0.000 execute_ms=6.530 prepare_ms=0.001 checksum_ms=5.999 jnmcs_ms=5.962 reused=true
checksum_perf construct_ms=0.000 execute_ms=3.250 prepare_ms=0.001 checksum_ms=2.709 jnmcs_ms=2.684 reused=true
checksum_perf construct_ms=0.000 execute_ms=2.665 prepare_ms=0.000 checksum_ms=2.455 jnmcs_ms=2.441 reused=true
checksum_perf construct_ms=0.000 execute_ms=4.201 prepare_ms=0.001 checksum_ms=3.642 jnmcs_ms=3.623 reused=true
checksum_perf construct_ms=0.000 execute_ms=3.394 prepare_ms=0.000 checksum_ms=3.200 jnmcs_ms=3.187 reused=true
checksum_perf construct_ms=0.000 execute_ms=4.146 prepare_ms=0.001 checksum_ms=3.980 jnmcs_ms=3.962 reused=true
checksum_perf construct_ms=0.000 execute_ms=2.804 prepare_ms=0.001 checksum_ms=2.589 jnmcs_ms=2.535 reused=true
checksum_perf construct_ms=0.000 execute_ms=3.606 prepare_ms=0.001 checksum_ms=3.421 jnmcs_ms=3.404 reused=true
checksum_perf construct_ms=0.000 execute_ms=4.051 prepare_ms=0.001 checksum_ms=3.530 jnmcs_ms=3.504 reused=true
checksum_perf construct_ms=0.000 execute_ms=3.524 prepare_ms=0.001 checksum_ms=3.276 jnmcs_ms=3.262 reused=true
checksum_perf construct_ms=0.000 execute_ms=5.548 prepare_ms=0.001 checksum_ms=5.362 jnmcs_ms=5.323 reused=true
checksum_perf construct_ms=0.000 execute_ms=4.295 prepare_ms=0.000 checksum_ms=4.079 jnmcs_ms=4.060 reused=true
checksum_perf construct_ms=0.000 execute_ms=4.092 prepare_ms=0.001 checksum_ms=3.916 jnmcs_ms=3.901 reused=true
checksum_perf construct_ms=0.000 execute_ms=3.861 prepare_ms=0.001 checksum_ms=3.667 jnmcs_ms=3.654 reused=true
checksum_perf construct_ms=0.000 execute_ms=3.486 prepare_ms=0.001 checksum_ms=2.962 jnmcs_ms=2.938 reused=true
checksum_perf construct_ms=0.000 execute_ms=2.728 prepare_ms=0.001 checksum_ms=2.509 jnmcs_ms=2.496 reused=true
checksum_perf construct_ms=0.000 execute_ms=3.042 prepare_ms=0.001 checksum_ms=2.721 jnmcs_ms=2.692 reused=true
checksum_perf construct_ms=0.000 execute_ms=3.984 prepare_ms=0.001 checksum_ms=3.380 jnmcs_ms=3.353 reused=true
checksum_perf construct_ms=0.000 execute_ms=3.124 prepare_ms=0.001 checksum_ms=2.934 jnmcs_ms=2.919 reused=true
checksum_perf construct_ms=0.000 execute_ms=3.405 prepare_ms=0.001 checksum_ms=3.003 jnmcs_ms=2.972 reused=true
checksum_perf construct_ms=0.000 execute_ms=3.167 prepare_ms=0.001 checksum_ms=2.672 jnmcs_ms=2.657 reused=true
checksum_perf construct_ms=0.000 execute_ms=2.847 prepare_ms=0.001 checksum_ms=2.648 jnmcs_ms=2.616 reused=true
checksum_perf construct_ms=0.000 execute_ms=2.905 prepare_ms=0.001 checksum_ms=2.529 jnmcs_ms=2.364 reused=true
checksum_perf construct_ms=0.000 execute_ms=2.785 prepare_ms=0.001 checksum_ms=2.621 jnmcs_ms=2.607 reused=true
checksum_perf construct_ms=0.000 execute_ms=3.068 prepare_ms=0.001 checksum_ms=2.909 jnmcs_ms=2.890 reused=true
checksum_perf construct_ms=0.000 execute_ms=2.926 prepare_ms=0.001 checksum_ms=2.351 jnmcs_ms=2.340 reused=true
checksum_perf construct_ms=0.000 execute_ms=3.758 prepare_ms=0.001 checksum_ms=3.362 jnmcs_ms=3.336 reused=true
checksum_perf construct_ms=0.000 execute_ms=4.729 prepare_ms=0.001 checksum_ms=4.527 jnmcs_ms=4.510 reused=true
checksum_perf construct_ms=0.000 execute_ms=3.434 prepare_ms=0.001 checksum_ms=2.977 jnmcs_ms=2.962 reused=true
checksum_perf construct_ms=0.000 execute_ms=2.921 prepare_ms=0.001 checksum_ms=2.756 jnmcs_ms=2.742 reused=true
checksum_perf construct_ms=0.000 execute_ms=2.612 prepare_ms=0.001 checksum_ms=2.330 jnmcs_ms=2.313 reused=true
checksum_perf construct_ms=0.000 execute_ms=4.215 prepare_ms=0.001 checksum_ms=3.832 jnmcs_ms=3.807 reused=true
checksum_perf construct_ms=0.000 execute_ms=4.189 prepare_ms=0.001 checksum_ms=3.742 jnmcs_ms=3.716 reused=true
checksum_perf construct_ms=0.000 execute_ms=3.526 prepare_ms=0.001 checksum_ms=3.152 jnmcs_ms=3.132 reused=true
checksum_perf construct_ms=0.000 execute_ms=3.019 prepare_ms=0.001 checksum_ms=2.834 jnmcs_ms=2.821 reused=true
checksum_perf construct_ms=0.000 execute_ms=2.941 prepare_ms=0.001 checksum_ms=2.780 jnmcs_ms=2.766 reused=true
checksum_perf construct_ms=0.000 execute_ms=2.397 prepare_ms=0.001 checksum_ms=2.247 jnmcs_ms=2.237 reused=true
checksum_perf construct_ms=0.000 execute_ms=3.229 prepare_ms=0.001 checksum_ms=2.805 jnmcs_ms=2.790 reused=true
checksum_perf construct_ms=0.000 execute_ms=3.004 prepare_ms=0.001 checksum_ms=2.847 jnmcs_ms=2.832 reused=true
checksum_perf construct_ms=0.000 execute_ms=3.194 prepare_ms=0.001 checksum_ms=2.881 jnmcs_ms=2.868 reused=true
checksum_perf construct_ms=0.000 execute_ms=2.785 prepare_ms=0.001 checksum_ms=2.627 jnmcs_ms=2.608 reused=true
checksum_perf construct_ms=0.000 execute_ms=7.046 prepare_ms=0.001 checksum_ms=4.467 jnmcs_ms=4.441 reused=true
checksum_perf construct_ms=0.000 execute_ms=4.343 prepare_ms=0.001 checksum_ms=3.863 jnmcs_ms=3.846 reused=true
checksum_perf construct_ms=0.000 execute_ms=3.970 prepare_ms=0.001 checksum_ms=3.381 jnmcs_ms=3.362 reused=true
checksum_perf construct_ms=0.000 execute_ms=2.735 prepare_ms=0.001 checksum_ms=2.505 jnmcs_ms=2.448 reused=true
checksum_perf construct_ms=0.000 execute_ms=3.163 prepare_ms=0.001 checksum_ms=2.587 jnmcs_ms=2.571 reused=true
checksum_perf construct_ms=0.000 execute_ms=2.544 prepare_ms=0.001 checksum_ms=2.380 jnmcs_ms=2.367 reused=true
checksum_perf construct_ms=0.000 execute_ms=3.433 prepare_ms=0.001 checksum_ms=3.272 jnmcs_ms=3.257 reused=true
checksum_perf construct_ms=0.000 execute_ms=2.439 prepare_ms=0.001 checksum_ms=2.254 jnmcs_ms=2.240 reused=true
checksum_perf construct_ms=0.000 execute_ms=5.141 prepare_ms=0.001 checksum_ms=4.529 jnmcs_ms=4.494 reused=true
checksum_perf construct_ms=0.000 execute_ms=8.861 prepare_ms=0.001 checksum_ms=8.676 jnmcs_ms=8.643 reused=true
checksum_perf construct_ms=0.000 execute_ms=3.153 prepare_ms=0.001 checksum_ms=2.776 jnmcs_ms=2.742 reused=true
checksum_perf construct_ms=0.000 execute_ms=2.530 prepare_ms=0.001 checksum_ms=2.352 jnmcs_ms=2.340 reused=true
checksum_perf construct_ms=0.000 execute_ms=2.752 prepare_ms=0.001 checksum_ms=2.466 jnmcs_ms=2.447 reused=true
checksum_perf construct_ms=0.000 execute_ms=2.543 prepare_ms=0.001 checksum_ms=2.379 jnmcs_ms=2.355 reused=true
checksum_perf construct_ms=0.000 execute_ms=2.395 prepare_ms=0.001 checksum_ms=2.234 jnmcs_ms=2.204 reused=true
checksum_perf construct_ms=0.000 execute_ms=2.946 prepare_ms=0.001 checksum_ms=2.785 jnmcs_ms=2.769 reused=true
checksum_perf construct_ms=0.000 execute_ms=2.964 prepare_ms=0.001 checksum_ms=2.803 jnmcs_ms=2.789 reused=true
checksum_perf construct_ms=0.000 execute_ms=2.604 prepare_ms=0.001 checksum_ms=2.451 jnmcs_ms=2.440 reused=true
checksum_perf construct_ms=0.000 execute_ms=3.785 prepare_ms=0.001 checksum_ms=3.606 jnmcs_ms=3.587 reused=true
checksum_perf construct_ms=0.000 execute_ms=3.191 prepare_ms=0.001 checksum_ms=2.734 jnmcs_ms=2.718 reused=true
checksum_perf construct_ms=0.000 execute_ms=2.562 prepare_ms=0.001 checksum_ms=2.332 jnmcs_ms=2.318 reused=true
checksum_perf construct_ms=0.000 execute_ms=3.440 prepare_ms=0.001 checksum_ms=3.263 jnmcs_ms=3.248 reused=true
checksum_perf construct_ms=0.000 execute_ms=4.183 prepare_ms=0.001 checksum_ms=3.936 jnmcs_ms=3.899 reused=true
checksum_perf construct_ms=0.000 execute_ms=9.083 prepare_ms=0.002 checksum_ms=8.542 jnmcs_ms=8.506 reused=true
checksum_perf construct_ms=0.000 execute_ms=5.391 prepare_ms=0.001 checksum_ms=5.167 jnmcs_ms=5.121 reused=true
checksum_perf construct_ms=0.000 execute_ms=5.783 prepare_ms=0.001 checksum_ms=5.306 jnmcs_ms=5.268 reused=true
checksum_perf construct_ms=0.000 execute_ms=5.631 prepare_ms=0.001 checksum_ms=4.793 jnmcs_ms=4.761 reused=true
checksum_perf construct_ms=0.000 execute_ms=8.287 prepare_ms=0.001 checksum_ms=7.715 jnmcs_ms=7.558 reused=true
checksum_perf construct_ms=0.000 execute_ms=6.425 prepare_ms=0.001 checksum_ms=6.061 jnmcs_ms=6.030 reused=true
checksum_perf construct_ms=0.000 execute_ms=6.721 prepare_ms=0.001 checksum_ms=4.005 jnmcs_ms=3.975 reused=true
checksum_perf construct_ms=0.000 execute_ms=3.470 prepare_ms=0.001 checksum_ms=3.281 jnmcs_ms=3.235 reused=true
checksum_perf construct_ms=0.000 execute_ms=6.395 prepare_ms=0.001 checksum_ms=5.742 jnmcs_ms=5.552 reused=true
checksum_perf construct_ms=0.000 execute_ms=4.421 prepare_ms=0.002 checksum_ms=3.806 jnmcs_ms=3.746 reused=true
checksum_perf construct_ms=0.000 execute_ms=3.199 prepare_ms=0.001 checksum_ms=2.954 jnmcs_ms=2.937 reused=true
checksum_perf construct_ms=0.000 execute_ms=3.166 prepare_ms=0.001 checksum_ms=2.993 jnmcs_ms=2.944 reused=true
checksum_perf construct_ms=0.000 execute_ms=6.038 prepare_ms=0.001 checksum_ms=5.595 jnmcs_ms=5.553 reused=true
checksum_perf construct_ms=0.000 execute_ms=9.431 prepare_ms=0.001 checksum_ms=7.670 jnmcs_ms=7.642 reused=true
checksum_perf construct_ms=0.000 execute_ms=12.262 prepare_ms=0.001 checksum_ms=11.894 jnmcs_ms=11.817 reused=true
checksum_perf construct_ms=0.000 execute_ms=7.794 prepare_ms=0.001 checksum_ms=6.995 jnmcs_ms=6.934 reused=true
checksum_perf construct_ms=0.000 execute_ms=4.542 prepare_ms=0.001 checksum_ms=3.886 jnmcs_ms=3.850 reused=true
checksum_perf construct_ms=0.000 execute_ms=4.667 prepare_ms=0.001 checksum_ms=3.438 jnmcs_ms=3.413 reused=true
checksum_perf construct_ms=0.000 execute_ms=4.269 prepare_ms=0.002 checksum_ms=3.673 jnmcs_ms=3.639 reused=true
checksum_perf construct_ms=0.000 execute_ms=2.594 prepare_ms=0.001 checksum_ms=2.334 jnmcs_ms=2.317 reused=true
checksum_perf construct_ms=0.000 execute_ms=5.067 prepare_ms=0.001 checksum_ms=4.901 jnmcs_ms=4.879 reused=true
checksum_perf construct_ms=0.000 execute_ms=10.280 prepare_ms=0.001 checksum_ms=9.233 jnmcs_ms=9.185 reused=true
checksum_perf construct_ms=0.000 execute_ms=4.474 prepare_ms=0.001 checksum_ms=4.169 jnmcs_ms=4.131 reused=true
checksum_perf construct_ms=0.000 execute_ms=4.308 prepare_ms=0.001 checksum_ms=3.985 jnmcs_ms=3.965 reused=true
checksum_perf construct_ms=0.000 execute_ms=3.479 prepare_ms=0.003 checksum_ms=2.804 jnmcs_ms=2.757 reused=true
checksum_perf construct_ms=0.000 execute_ms=3.191 prepare_ms=0.001 checksum_ms=2.962 jnmcs_ms=2.934 reused=true
checksum_perf construct_ms=0.000 execute_ms=5.469 prepare_ms=0.001 checksum_ms=4.937 jnmcs_ms=4.899 reused=true
checksum_perf construct_ms=0.000 execute_ms=7.711 prepare_ms=0.001 checksum_ms=7.066 jnmcs_ms=7.010 reused=true
checksum_perf construct_ms=0.000 execute_ms=4.702 prepare_ms=0.001 checksum_ms=4.492 jnmcs_ms=4.475 reused=true
checksum_perf construct_ms=0.000 execute_ms=7.471 prepare_ms=0.001 checksum_ms=7.285 jnmcs_ms=7.259 reused=true
checksum_perf construct_ms=0.000 execute_ms=3.938 prepare_ms=0.001 checksum_ms=3.490 jnmcs_ms=3.465 reused=true
checksum_perf construct_ms=0.000 execute_ms=2.774 prepare_ms=0.001 checksum_ms=2.601 jnmcs_ms=2.587 reused=true
checksum_perf construct_ms=0.000 execute_ms=4.104 prepare_ms=0.001 checksum_ms=3.920 jnmcs_ms=3.880 reused=true
checksum_perf construct_ms=0.000 execute_ms=3.068 prepare_ms=0.001 checksum_ms=2.816 jnmcs_ms=2.789 reused=true
checksum_perf construct_ms=0.000 execute_ms=3.092 prepare_ms=0.001 checksum_ms=2.872 jnmcs_ms=2.856 reused=true
checksum_perf construct_ms=0.000 execute_ms=2.508 prepare_ms=0.001 checksum_ms=2.292 jnmcs_ms=2.282 reused=true
checksum_perf construct_ms=0.000 execute_ms=2.576 prepare_ms=0.001 checksum_ms=2.447 jnmcs_ms=2.439 reused=true
checksum_perf construct_ms=0.000 execute_ms=3.253 prepare_ms=0.001 checksum_ms=3.110 jnmcs_ms=3.094 reused=true
checksum_perf construct_ms=0.000 execute_ms=3.333 prepare_ms=0.001 checksum_ms=3.101 jnmcs_ms=3.069 reused=true
checksum_perf construct_ms=0.000 execute_ms=3.163 prepare_ms=0.001 checksum_ms=2.960 jnmcs_ms=2.941 reused=true
checksum_perf construct_ms=0.000 execute_ms=3.182 prepare_ms=0.001 checksum_ms=2.941 jnmcs_ms=2.908 reused=true
checksum_perf construct_ms=0.000 execute_ms=3.633 prepare_ms=0.001 checksum_ms=3.325 jnmcs_ms=3.297 reused=true
checksum_perf construct_ms=0.000 execute_ms=2.811 prepare_ms=0.001 checksum_ms=2.569 jnmcs_ms=2.557 reused=true
checksum_perf construct_ms=0.000 execute_ms=3.596 prepare_ms=0.001 checksum_ms=3.092 jnmcs_ms=3.049 reused=true
checksum_perf construct_ms=0.000 execute_ms=2.508 prepare_ms=0.001 checksum_ms=2.302 jnmcs_ms=2.291 reused=true
checksum_perf construct_ms=0.000 execute_ms=2.304 prepare_ms=0.001 checksum_ms=2.174 jnmcs_ms=2.166 reused=true
checksum_perf construct_ms=0.000 execute_ms=4.026 prepare_ms=0.001 checksum_ms=3.902 jnmcs_ms=3.872 reused=true
checksum_perf construct_ms=0.000 execute_ms=2.467 prepare_ms=0.001 checksum_ms=2.304 jnmcs_ms=2.289 reused=true
checksum_perf construct_ms=0.000 execute_ms=3.435 prepare_ms=0.001 checksum_ms=3.251 jnmcs_ms=3.236 reused=true
checksum_perf construct_ms=0.000 execute_ms=2.560 prepare_ms=0.001 checksum_ms=2.435 jnmcs_ms=2.426 reused=true
checksum_perf construct_ms=0.000 execute_ms=2.471 prepare_ms=0.001 checksum_ms=2.340 jnmcs_ms=2.332 reused=true
checksum_perf construct_ms=0.000 execute_ms=3.106 prepare_ms=0.001 checksum_ms=2.971 jnmcs_ms=2.656 reused=true
checksum_perf construct_ms=0.000 execute_ms=2.609 prepare_ms=0.001 checksum_ms=2.466 jnmcs_ms=2.456 reused=true
checksum_perf construct_ms=0.000 execute_ms=3.103 prepare_ms=0.001 checksum_ms=2.636 jnmcs_ms=2.626 reused=true
checksum_perf construct_ms=0.000 execute_ms=3.164 prepare_ms=0.001 checksum_ms=2.973 jnmcs_ms=2.962 reused=true
checksum_perf construct_ms=0.000 execute_ms=2.812 prepare_ms=0.001 checksum_ms=2.637 jnmcs_ms=2.628 reused=true
checksum_perf construct_ms=0.000 execute_ms=7.704 prepare_ms=0.001 checksum_ms=6.903 jnmcs_ms=6.881 reused=true
checksum_perf construct_ms=0.000 execute_ms=3.880 prepare_ms=0.001 checksum_ms=3.391 jnmcs_ms=3.359 reused=true
checksum_perf construct_ms=0.000 execute_ms=3.250 prepare_ms=0.001 checksum_ms=2.929 jnmcs_ms=2.895 reused=true
checksum_perf construct_ms=0.000 execute_ms=6.661 prepare_ms=0.001 checksum_ms=6.499 jnmcs_ms=6.477 reused=true
checksum_perf construct_ms=0.000 execute_ms=6.740 prepare_ms=0.001 checksum_ms=6.577 jnmcs_ms=6.555 reused=true
checksum_perf construct_ms=0.000 execute_ms=5.417 prepare_ms=0.002 checksum_ms=4.660 jnmcs_ms=4.623 reused=true
checksum_perf construct_ms=0.000 execute_ms=5.756 prepare_ms=0.001 checksum_ms=5.324 jnmcs_ms=5.132 reused=true
checksum_perf construct_ms=0.000 execute_ms=3.609 prepare_ms=0.001 checksum_ms=3.165 jnmcs_ms=3.125 reused=true
checksum_perf construct_ms=0.000 execute_ms=3.866 prepare_ms=0.001 checksum_ms=3.691 jnmcs_ms=3.677 reused=true
checksum_perf construct_ms=0.000 execute_ms=3.459 prepare_ms=0.001 checksum_ms=2.999 jnmcs_ms=2.986 reused=true
checksum_perf construct_ms=0.000 execute_ms=2.525 prepare_ms=0.001 checksum_ms=2.367 jnmcs_ms=2.358 reused=true
checksum_perf construct_ms=0.000 execute_ms=2.875 prepare_ms=0.001 checksum_ms=2.752 jnmcs_ms=2.736 reused=true
checksum_perf construct_ms=0.000 execute_ms=2.898 prepare_ms=0.001 checksum_ms=2.763 jnmcs_ms=2.753 reused=true
checksum_perf construct_ms=0.000 execute_ms=5.316 prepare_ms=0.001 checksum_ms=5.100 jnmcs_ms=5.084 reused=true
checksum_perf construct_ms=0.000 execute_ms=3.039 prepare_ms=0.001 checksum_ms=2.782 jnmcs_ms=2.765 reused=true
checksum_perf construct_ms=0.000 execute_ms=2.622 prepare_ms=0.001 checksum_ms=2.444 jnmcs_ms=2.431 reused=true
checksum_perf construct_ms=0.000 execute_ms=2.778 prepare_ms=0.001 checksum_ms=2.488 jnmcs_ms=2.478 reused=true
checksum_perf construct_ms=0.000 execute_ms=2.449 prepare_ms=0.001 checksum_ms=2.313 jnmcs_ms=2.298 reused=true
checksum_perf construct_ms=0.000 execute_ms=2.393 prepare_ms=0.001 checksum_ms=2.224 jnmcs_ms=2.216 reused=true
checksum_perf construct_ms=0.000 execute_ms=2.321 prepare_ms=0.001 checksum_ms=2.206 jnmcs_ms=2.197 reused=true
checksum_perf construct_ms=0.000 execute_ms=2.322 prepare_ms=0.001 checksum_ms=2.176 jnmcs_ms=2.168 reused=true
checksum_perf construct_ms=0.000 execute_ms=2.279 prepare_ms=0.001 checksum_ms=2.159 jnmcs_ms=2.151 reused=true
checksum_perf construct_ms=0.000 execute_ms=3.427 prepare_ms=0.001 checksum_ms=3.306 jnmcs_ms=3.295 reused=true
checksum_perf construct_ms=0.000 execute_ms=4.009 prepare_ms=0.001 checksum_ms=3.606 jnmcs_ms=3.590 reused=true
checksum_perf construct_ms=0.000 execute_ms=4.120 prepare_ms=0.001 checksum_ms=3.506 jnmcs_ms=3.490 reused=true
checksum_perf construct_ms=0.000 execute_ms=4.720 prepare_ms=0.001 checksum_ms=4.551 jnmcs_ms=4.531 reused=true
checksum_perf construct_ms=0.000 execute_ms=5.266 prepare_ms=0.001 checksum_ms=4.651 jnmcs_ms=4.633 reused=true
checksum_perf construct_ms=0.000 execute_ms=3.968 prepare_ms=0.001 checksum_ms=3.817 jnmcs_ms=3.801 reused=true
checksum_perf construct_ms=0.000 execute_ms=2.659 prepare_ms=0.001 checksum_ms=2.473 jnmcs_ms=2.460 reused=true
checksum_perf construct_ms=0.000 execute_ms=2.637 prepare_ms=0.001 checksum_ms=2.388 jnmcs_ms=2.377 reused=true
checksum_perf construct_ms=0.000 execute_ms=2.886 prepare_ms=0.001 checksum_ms=2.751 jnmcs_ms=2.742 reused=true
checksum_perf construct_ms=0.000 execute_ms=2.310 prepare_ms=0.001 checksum_ms=2.180 jnmcs_ms=2.171 reused=true
checksum_perf construct_ms=0.000 execute_ms=2.881 prepare_ms=0.001 checksum_ms=2.751 jnmcs_ms=2.738 reused=true
checksum_perf construct_ms=0.000 execute_ms=3.425 prepare_ms=0.001 checksum_ms=2.619 jnmcs_ms=2.604 reused=true
checksum_perf construct_ms=0.000 execute_ms=2.471 prepare_ms=0.001 checksum_ms=2.288 jnmcs_ms=2.279 reused=true
checksum_perf construct_ms=0.000 execute_ms=3.036 prepare_ms=0.001 checksum_ms=2.692 jnmcs_ms=2.681 reused=true
checksum_perf construct_ms=0.000 execute_ms=2.468 prepare_ms=0.001 checksum_ms=2.310 jnmcs_ms=2.300 reused=true
checksum_perf construct_ms=0.000 execute_ms=5.165 prepare_ms=0.001 checksum_ms=4.934 jnmcs_ms=4.914 reused=true
checksum_perf construct_ms=0.000 execute_ms=2.738 prepare_ms=0.001 checksum_ms=2.469 jnmcs_ms=2.454 reused=true
checksum_perf construct_ms=0.000 execute_ms=2.504 prepare_ms=0.001 checksum_ms=2.356 jnmcs_ms=2.340 reused=true
checksum_perf construct_ms=0.000 execute_ms=2.678 prepare_ms=0.001 checksum_ms=2.505 jnmcs_ms=2.488 reused=true
checksum_perf construct_ms=0.000 execute_ms=2.999 prepare_ms=0.001 checksum_ms=2.857 jnmcs_ms=2.846 reused=true
checksum_perf construct_ms=0.000 execute_ms=2.479 prepare_ms=0.001 checksum_ms=2.352 jnmcs_ms=2.342 reused=true
checksum_perf construct_ms=0.000 execute_ms=2.619 prepare_ms=0.001 checksum_ms=2.493 jnmcs_ms=2.482 reused=true
checksum_perf construct_ms=0.000 execute_ms=2.458 prepare_ms=0.001 checksum_ms=2.305 jnmcs_ms=2.294 reused=true
checksum_perf construct_ms=0.000 execute_ms=2.331 prepare_ms=0.001 checksum_ms=2.184 jnmcs_ms=2.175 reused=true
checksum_perf construct_ms=0.000 execute_ms=3.134 prepare_ms=0.001 checksum_ms=2.915 jnmcs_ms=2.904 reused=true
checksum_perf construct_ms=0.000 execute_ms=2.592 prepare_ms=0.001 checksum_ms=2.455 jnmcs_ms=2.447 reused=true
checksum_perf construct_ms=0.000 execute_ms=2.463 prepare_ms=0.001 checksum_ms=2.338 jnmcs_ms=2.329 reused=true
checksum_perf construct_ms=0.000 execute_ms=2.688 prepare_ms=0.001 checksum_ms=2.553 jnmcs_ms=2.544 reused=true
checksum_perf construct_ms=0.000 execute_ms=2.577 prepare_ms=0.001 checksum_ms=2.342 jnmcs_ms=2.333 reused=true
checksum_perf construct_ms=0.000 execute_ms=2.395 prepare_ms=0.001 checksum_ms=2.265 jnmcs_ms=2.258 reused=true
checksum_perf construct_ms=0.000 execute_ms=2.544 prepare_ms=0.001 checksum_ms=2.428 jnmcs_ms=2.420 reused=true
checksum_perf construct_ms=0.000 execute_ms=2.930 prepare_ms=0.001 checksum_ms=2.795 jnmcs_ms=2.785 reused=true
checksum_perf construct_ms=0.000 execute_ms=2.343 prepare_ms=0.001 checksum_ms=2.200 jnmcs_ms=2.191 reused=true
checksum_perf construct_ms=0.000 execute_ms=3.665 prepare_ms=0.001 checksum_ms=3.528 jnmcs_ms=3.515 reused=true
checksum_perf construct_ms=0.000 execute_ms=3.593 prepare_ms=0.001 checksum_ms=3.256 jnmcs_ms=3.245 reused=true
checksum_perf construct_ms=0.000 execute_ms=2.612 prepare_ms=0.001 checksum_ms=2.483 jnmcs_ms=2.472 reused=true
checksum_perf construct_ms=0.000 execute_ms=3.453 prepare_ms=0.001 checksum_ms=3.317 jnmcs_ms=3.306 reused=true
checksum_perf construct_ms=0.000 execute_ms=3.493 prepare_ms=0.001 checksum_ms=2.791 jnmcs_ms=2.761 reused=true
checksum_perf construct_ms=0.000 execute_ms=3.433 prepare_ms=0.001 checksum_ms=3.271 jnmcs_ms=3.255 reused=true
checksum_perf construct_ms=0.000 execute_ms=2.299 prepare_ms=0.001 checksum_ms=2.152 jnmcs_ms=2.143 reused=true
checksum_perf construct_ms=0.000 execute_ms=2.359 prepare_ms=0.001 checksum_ms=2.235 jnmcs_ms=2.225 reused=true
checksum_perf construct_ms=0.000 execute_ms=3.489 prepare_ms=0.001 checksum_ms=3.223 jnmcs_ms=3.212 reused=true
checksum_perf construct_ms=0.000 execute_ms=4.115 prepare_ms=0.001 checksum_ms=3.960 jnmcs_ms=3.949 reused=true
checksum_perf construct_ms=0.000 execute_ms=3.261 prepare_ms=0.001 checksum_ms=2.981 jnmcs_ms=2.971 reused=true
checksum_perf construct_ms=0.000 execute_ms=3.803 prepare_ms=0.001 checksum_ms=3.671 jnmcs_ms=3.660 reused=true
checksum_perf construct_ms=0.000 execute_ms=5.599 prepare_ms=0.001 checksum_ms=3.927 jnmcs_ms=3.913 reused=true
checksum_perf construct_ms=0.000 execute_ms=3.594 prepare_ms=0.001 checksum_ms=3.393 jnmcs_ms=3.376 reused=true
checksum_perf construct_ms=0.000 execute_ms=2.612 prepare_ms=0.001 checksum_ms=2.429 jnmcs_ms=2.418 reused=true
checksum_perf construct_ms=0.000 execute_ms=2.642 prepare_ms=0.001 checksum_ms=2.498 jnmcs_ms=2.477 reused=true
checksum_perf construct_ms=0.000 execute_ms=5.926 prepare_ms=0.001 checksum_ms=5.684 jnmcs_ms=5.653 reused=true
checksum_perf construct_ms=0.000 execute_ms=3.523 prepare_ms=0.001 checksum_ms=3.323 jnmcs_ms=3.305 reused=true
checksum_perf construct_ms=0.000 execute_ms=2.852 prepare_ms=0.001 checksum_ms=2.705 jnmcs_ms=2.691 reused=true
checksum_perf construct_ms=0.000 execute_ms=3.000 prepare_ms=0.001 checksum_ms=2.798 jnmcs_ms=2.780 reused=true
checksum_perf construct_ms=0.000 execute_ms=4.357 prepare_ms=0.001 checksum_ms=3.866 jnmcs_ms=3.851 reused=true
checksum_perf construct_ms=0.000 execute_ms=2.382 prepare_ms=0.001 checksum_ms=2.229 jnmcs_ms=2.218 reused=true
checksum_perf construct_ms=0.000 execute_ms=3.575 prepare_ms=0.001 checksum_ms=3.431 jnmcs_ms=3.401 reused=true
checksum_perf construct_ms=0.000 execute_ms=3.459 prepare_ms=0.001 checksum_ms=3.283 jnmcs_ms=3.268 reused=true
checksum_perf construct_ms=0.000 execute_ms=3.248 prepare_ms=0.001 checksum_ms=3.109 jnmcs_ms=3.096 reused=true
checksum_perf construct_ms=0.000 execute_ms=4.622 prepare_ms=0.001 checksum_ms=4.482 jnmcs_ms=4.468 reused=true
checksum_perf construct_ms=0.000 execute_ms=3.817 prepare_ms=0.003 checksum_ms=3.362 jnmcs_ms=3.335 reused=true
checksum_perf construct_ms=0.000 execute_ms=2.486 prepare_ms=0.001 checksum_ms=2.320 jnmcs_ms=2.311 reused=true
checksum_perf construct_ms=0.000 execute_ms=2.481 prepare_ms=0.001 checksum_ms=2.359 jnmcs_ms=2.347 reused=true
checksum_perf construct_ms=0.000 execute_ms=5.817 prepare_ms=0.001 checksum_ms=5.678 jnmcs_ms=5.660 reused=true
checksum_perf construct_ms=0.000 execute_ms=2.397 prepare_ms=0.001 checksum_ms=2.241 jnmcs_ms=2.221 reused=true
checksum_perf construct_ms=0.000 execute_ms=2.983 prepare_ms=0.001 checksum_ms=2.842 jnmcs_ms=2.830 reused=true
checksum_perf construct_ms=0.000 execute_ms=2.760 prepare_ms=0.001 checksum_ms=2.608 jnmcs_ms=2.575 reused=true
checksum_perf construct_ms=0.000 execute_ms=2.466 prepare_ms=0.001 checksum_ms=2.348 jnmcs_ms=2.339 reused=true
checksum_perf construct_ms=0.000 execute_ms=2.769 prepare_ms=0.001 checksum_ms=2.538 jnmcs_ms=2.529 reused=true
checksum_perf construct_ms=0.000 execute_ms=2.538 prepare_ms=0.001 checksum_ms=2.403 jnmcs_ms=2.395 reused=true
checksum_perf construct_ms=0.000 execute_ms=2.712 prepare_ms=0.001 checksum_ms=2.444 jnmcs_ms=2.435 reused=true
checksum_perf construct_ms=0.000 execute_ms=3.461 prepare_ms=0.001 checksum_ms=3.075 jnmcs_ms=3.055 reused=true
checksum_perf construct_ms=0.000 execute_ms=2.676 prepare_ms=0.001 checksum_ms=2.388 jnmcs_ms=2.377 reused=true
checksum_perf construct_ms=0.000 execute_ms=2.737 prepare_ms=0.001 checksum_ms=2.591 jnmcs_ms=2.581 reused=true
checksum_perf construct_ms=0.000 execute_ms=2.343 prepare_ms=0.001 checksum_ms=2.192 jnmcs_ms=2.184 reused=true
checksum_perf construct_ms=0.000 execute_ms=2.198 prepare_ms=0.001 checksum_ms=2.062 jnmcs_ms=2.056 reused=true
checksum_perf construct_ms=0.000 execute_ms=2.897 prepare_ms=0.001 checksum_ms=2.788 jnmcs_ms=2.778 reused=true
checksum_perf construct_ms=0.000 execute_ms=2.319 prepare_ms=0.001 checksum_ms=2.183 jnmcs_ms=2.176 reused=true
checksum_perf construct_ms=0.000 execute_ms=2.223 prepare_ms=0.001 checksum_ms=2.104 jnmcs_ms=2.098 reused=true
checksum_perf construct_ms=0.000 execute_ms=2.569 prepare_ms=0.001 checksum_ms=2.458 jnmcs_ms=2.450 reused=true
checksum_perf construct_ms=0.000 execute_ms=2.603 prepare_ms=0.001 checksum_ms=2.478 jnmcs_ms=2.469 reused=true
checksum_perf construct_ms=0.000 execute_ms=2.235 prepare_ms=0.001 checksum_ms=2.090 jnmcs_ms=2.083 reused=true
checksum_perf construct_ms=0.000 execute_ms=2.310 prepare_ms=0.001 checksum_ms=2.190 jnmcs_ms=2.156 reused=true
checksum_perf construct_ms=0.000 execute_ms=2.364 prepare_ms=0.001 checksum_ms=2.241 jnmcs_ms=2.233 reused=true
checksum_perf construct_ms=0.000 execute_ms=2.182 prepare_ms=0.001 checksum_ms=2.055 jnmcs_ms=2.049 reused=true
checksum_perf construct_ms=0.000 execute_ms=2.287 prepare_ms=0.001 checksum_ms=2.162 jnmcs_ms=2.155 reused=true
checksum_perf construct_ms=0.000 execute_ms=3.787 prepare_ms=0.001 checksum_ms=3.648 jnmcs_ms=3.638 reused=true
checksum_perf construct_ms=0.000 execute_ms=2.213 prepare_ms=0.001 checksum_ms=2.082 jnmcs_ms=2.074 reused=true
checksum_perf construct_ms=0.000 execute_ms=2.342 prepare_ms=0.001 checksum_ms=2.228 jnmcs_ms=2.220 reused=true
checksum_perf construct_ms=0.000 execute_ms=2.251 prepare_ms=0.001 checksum_ms=2.123 jnmcs_ms=2.117 reused=true
checksum_perf construct_ms=0.000 execute_ms=2.437 prepare_ms=0.001 checksum_ms=2.276 jnmcs_ms=2.267 reused=true
checksum_perf construct_ms=0.000 execute_ms=2.232 prepare_ms=0.001 checksum_ms=2.109 jnmcs_ms=2.090 reused=true
checksum_perf construct_ms=0.000 execute_ms=2.189 prepare_ms=0.001 checksum_ms=2.076 jnmcs_ms=2.070 reused=true
checksum_perf construct_ms=0.000 execute_ms=2.139 prepare_ms=0.001 checksum_ms=2.021 jnmcs_ms=2.015 reused=true
checksum_perf construct_ms=0.000 execute_ms=2.157 prepare_ms=0.001 checksum_ms=2.044 jnmcs_ms=2.040 reused=true
checksum_perf construct_ms=0.000 execute_ms=2.689 prepare_ms=0.000 checksum_ms=2.567 jnmcs_ms=2.560 reused=true
checksum_perf construct_ms=0.000 execute_ms=3.541 prepare_ms=0.001 checksum_ms=3.419 jnmcs_ms=3.395 reused=true
checksum_perf construct_ms=0.000 execute_ms=10.579 prepare_ms=0.002 checksum_ms=9.567 jnmcs_ms=9.544 reused=true
checksum_perf construct_ms=0.000 execute_ms=2.321 prepare_ms=0.001 checksum_ms=2.152 jnmcs_ms=2.139 reused=true
checksum_perf construct_ms=0.000 execute_ms=4.965 prepare_ms=0.001 checksum_ms=4.839 jnmcs_ms=4.808 reused=true
checksum_perf construct_ms=0.000 execute_ms=6.889 prepare_ms=0.001 checksum_ms=6.524 jnmcs_ms=6.370 reused=true
checksum_perf construct_ms=0.000 execute_ms=15.676 prepare_ms=0.001 checksum_ms=15.296 jnmcs_ms=15.267 reused=true
checksum_perf construct_ms=0.000 execute_ms=2.729 prepare_ms=0.001 checksum_ms=2.564 jnmcs_ms=2.547 reused=true
checksum_perf construct_ms=0.000 execute_ms=2.707 prepare_ms=0.001 checksum_ms=2.562 jnmcs_ms=2.552 reused=true
checksum_perf construct_ms=0.000 execute_ms=2.337 prepare_ms=0.001 checksum_ms=2.166 jnmcs_ms=2.160 reused=true
checksum_perf construct_ms=0.000 execute_ms=2.182 prepare_ms=0.001 checksum_ms=2.077 jnmcs_ms=2.072 reused=true
checksum_perf construct_ms=0.000 execute_ms=2.166 prepare_ms=0.000 checksum_ms=2.067 jnmcs_ms=2.062 reused=true
checksum_perf construct_ms=0.000 execute_ms=2.166 prepare_ms=0.000 checksum_ms=2.063 jnmcs_ms=2.058 reused=true
checksum_perf construct_ms=0.000 execute_ms=2.195 prepare_ms=0.000 checksum_ms=2.098 jnmcs_ms=2.093 reused=true
checksum_perf construct_ms=0.000 execute_ms=5.924 prepare_ms=0.000 checksum_ms=5.807 jnmcs_ms=5.794 reused=true
checksum_perf construct_ms=0.000 execute_ms=2.364 prepare_ms=0.001 checksum_ms=2.220 jnmcs_ms=2.212 reused=true
checksum_perf construct_ms=0.000 execute_ms=3.079 prepare_ms=0.001 checksum_ms=2.955 jnmcs_ms=2.947 reused=true
checksum_perf construct_ms=0.000 execute_ms=3.176 prepare_ms=0.001 checksum_ms=3.051 jnmcs_ms=3.043 reused=true
checksum_perf construct_ms=0.000 execute_ms=2.413 prepare_ms=0.001 checksum_ms=2.290 jnmcs_ms=2.282 reused=true
checksum_perf construct_ms=0.000 execute_ms=2.474 prepare_ms=0.001 checksum_ms=2.199 jnmcs_ms=2.190 reused=true
checksum_perf construct_ms=0.000 execute_ms=2.216 prepare_ms=0.001 checksum_ms=2.095 jnmcs_ms=2.089 reused=true
checksum_perf construct_ms=0.000 execute_ms=2.182 prepare_ms=0.001 checksum_ms=2.077 jnmcs_ms=2.072 reused=true
checksum_perf construct_ms=0.000 execute_ms=2.217 prepare_ms=0.000 checksum_ms=2.109 jnmcs_ms=2.103 reused=true
checksum_perf construct_ms=0.000 execute_ms=2.169 prepare_ms=0.000 checksum_ms=2.071 jnmcs_ms=2.066 reused=true
checksum_perf construct_ms=0.000 execute_ms=2.177 prepare_ms=0.000 checksum_ms=2.078 jnmcs_ms=2.074 reused=true
checksum_perf construct_ms=0.000 execute_ms=2.149 prepare_ms=0.001 checksum_ms=2.049 jnmcs_ms=2.044 reused=true
checksum_perf construct_ms=0.000 execute_ms=2.126 prepare_ms=0.001 checksum_ms=2.034 jnmcs_ms=2.029 reused=true
checksum_perf construct_ms=0.000 execute_ms=2.178 prepare_ms=0.001 checksum_ms=2.082 jnmcs_ms=2.078 reused=true
checksum_perf construct_ms=0.000 execute_ms=2.748 prepare_ms=0.000 checksum_ms=2.643 jnmcs_ms=2.636 reused=true
checksum_perf construct_ms=0.000 execute_ms=4.201 prepare_ms=0.001 checksum_ms=3.960 jnmcs_ms=3.950 reused=true
checksum_perf construct_ms=0.000 execute_ms=2.206 prepare_ms=0.001 checksum_ms=2.078 jnmcs_ms=2.071 reused=true
checksum_perf construct_ms=0.000 execute_ms=2.144 prepare_ms=0.001 checksum_ms=2.043 jnmcs_ms=2.038 reused=true
checksum_perf construct_ms=0.000 execute_ms=2.094 prepare_ms=0.001 checksum_ms=2.002 jnmcs_ms=1.998 reused=true
checksum_perf construct_ms=0.000 execute_ms=2.510 prepare_ms=0.000 checksum_ms=2.419 jnmcs_ms=2.411 reused=true
checksum_perf construct_ms=0.000 execute_ms=3.304 prepare_ms=0.001 checksum_ms=3.186 jnmcs_ms=3.178 reused=true
checksum_perf construct_ms=0.000 execute_ms=11.274 prepare_ms=0.001 checksum_ms=9.369 jnmcs_ms=9.340 reused=true
checksum_perf construct_ms=0.000 execute_ms=3.543 prepare_ms=0.001 checksum_ms=3.201 jnmcs_ms=3.179 reused=true
checksum_perf construct_ms=0.000 execute_ms=4.156 prepare_ms=0.001 checksum_ms=3.967 jnmcs_ms=3.952 reused=true
checksum_perf construct_ms=0.000 execute_ms=4.458 prepare_ms=0.001 checksum_ms=4.257 jnmcs_ms=4.246 reused=true
checksum_perf construct_ms=0.000 execute_ms=2.524 prepare_ms=0.038 checksum_ms=2.144 jnmcs_ms=2.136 reused=true
checksum_perf construct_ms=0.000 execute_ms=2.174 prepare_ms=0.001 checksum_ms=2.046 jnmcs_ms=2.040 reused=true
checksum_perf construct_ms=0.000 execute_ms=2.442 prepare_ms=0.001 checksum_ms=2.312 jnmcs_ms=2.287 reused=true
checksum_perf construct_ms=0.000 execute_ms=8.511 prepare_ms=0.001 checksum_ms=8.147 jnmcs_ms=8.116 reused=true
checksum_perf construct_ms=0.000 execute_ms=2.511 prepare_ms=0.001 checksum_ms=2.293 jnmcs_ms=2.276 reused=true
checksum_perf construct_ms=0.000 execute_ms=2.510 prepare_ms=0.001 checksum_ms=2.358 jnmcs_ms=2.345 reused=true
checksum_perf construct_ms=0.000 execute_ms=2.293 prepare_ms=0.001 checksum_ms=2.122 jnmcs_ms=2.115 reused=true
checksum_perf construct_ms=0.000 execute_ms=2.539 prepare_ms=0.001 checksum_ms=2.423 jnmcs_ms=2.415 reused=true
checksum_perf construct_ms=0.000 execute_ms=2.603 prepare_ms=0.001 checksum_ms=2.472 jnmcs_ms=2.465 reused=true
checksum_perf construct_ms=0.000 execute_ms=2.156 prepare_ms=0.000 checksum_ms=2.049 jnmcs_ms=2.043 reused=true
checksum_perf construct_ms=0.000 execute_ms=2.231 prepare_ms=0.000 checksum_ms=2.129 jnmcs_ms=2.122 reused=true
checksum_perf construct_ms=0.000 execute_ms=3.091 prepare_ms=0.001 checksum_ms=2.537 jnmcs_ms=2.529 reused=true
checksum_perf construct_ms=0.000 execute_ms=4.191 prepare_ms=0.001 checksum_ms=3.947 jnmcs_ms=3.934 reused=true
checksum_perf construct_ms=0.000 execute_ms=2.445 prepare_ms=0.001 checksum_ms=2.282 jnmcs_ms=2.271 reused=true
checksum_perf construct_ms=0.000 execute_ms=2.596 prepare_ms=0.001 checksum_ms=2.335 jnmcs_ms=2.325 reused=true
checksum_perf construct_ms=0.000 execute_ms=3.430 prepare_ms=0.001 checksum_ms=2.557 jnmcs_ms=2.547 reused=true
checksum_perf construct_ms=0.000 execute_ms=2.573 prepare_ms=0.001 checksum_ms=2.428 jnmcs_ms=2.416 reused=true
checksum_perf construct_ms=0.000 execute_ms=2.243 prepare_ms=0.001 checksum_ms=2.119 jnmcs_ms=2.112 reused=true
checksum_perf construct_ms=0.000 execute_ms=2.415 prepare_ms=0.000 checksum_ms=2.307 jnmcs_ms=2.254 reused=true
checksum_perf construct_ms=0.000 execute_ms=2.570 prepare_ms=0.001 checksum_ms=2.447 jnmcs_ms=2.438 reused=true
checksum_perf construct_ms=0.000 execute_ms=5.289 prepare_ms=0.001 checksum_ms=5.050 jnmcs_ms=5.037 reused=true
checksum_perf construct_ms=0.000 execute_ms=2.693 prepare_ms=0.001 checksum_ms=2.406 jnmcs_ms=2.394 reused=true
checksum_perf construct_ms=0.000 execute_ms=6.403 prepare_ms=0.001 checksum_ms=6.270 jnmcs_ms=6.245 reused=true
checksum_perf construct_ms=0.000 execute_ms=7.283 prepare_ms=0.001 checksum_ms=7.100 jnmcs_ms=7.080 reused=true
checksum_perf construct_ms=0.000 execute_ms=3.483 prepare_ms=0.001 checksum_ms=3.253 jnmcs_ms=3.214 reused=true
checksum_perf construct_ms=0.000 execute_ms=3.072 prepare_ms=0.001 checksum_ms=2.556 jnmcs_ms=2.533 reused=true
checksum_perf construct_ms=0.000 execute_ms=3.955 prepare_ms=0.001 checksum_ms=3.772 jnmcs_ms=3.740 reused=true
checksum_perf construct_ms=0.000 execute_ms=5.197 prepare_ms=0.002 checksum_ms=4.460 jnmcs_ms=4.430 reused=true
checksum_perf construct_ms=0.000 execute_ms=4.062 prepare_ms=0.001 checksum_ms=3.867 jnmcs_ms=3.848 reused=true
checksum_perf construct_ms=0.000 execute_ms=3.362 prepare_ms=0.001 checksum_ms=2.931 jnmcs_ms=2.911 reused=true
checksum_perf construct_ms=0.000 execute_ms=5.001 prepare_ms=0.001 checksum_ms=4.831 jnmcs_ms=4.804 reused=true
checksum_perf construct_ms=0.000 execute_ms=5.026 prepare_ms=0.001 checksum_ms=4.203 jnmcs_ms=4.182 reused=true
checksum_perf construct_ms=0.000 execute_ms=5.582 prepare_ms=0.001 checksum_ms=5.029 jnmcs_ms=5.002 reused=true
checksum_perf construct_ms=0.000 execute_ms=3.482 prepare_ms=0.004 checksum_ms=2.773 jnmcs_ms=2.749 reused=true
checksum_perf construct_ms=0.000 execute_ms=2.632 prepare_ms=0.001 checksum_ms=2.470 jnmcs_ms=2.456 reused=true
checksum_perf construct_ms=0.000 execute_ms=2.627 prepare_ms=0.001 checksum_ms=2.467 jnmcs_ms=2.455 reused=true
checksum_perf construct_ms=0.000 execute_ms=2.269 prepare_ms=0.001 checksum_ms=2.124 jnmcs_ms=2.117 reused=true
checksum_perf construct_ms=0.000 execute_ms=2.171 prepare_ms=0.001 checksum_ms=2.059 jnmcs_ms=2.053 reused=true
checksum_perf construct_ms=0.000 execute_ms=3.791 prepare_ms=0.001 checksum_ms=3.387 jnmcs_ms=3.363 reused=true
checksum_perf construct_ms=0.000 execute_ms=3.889 prepare_ms=0.001 checksum_ms=3.427 jnmcs_ms=3.397 reused=true
checksum_perf construct_ms=0.000 execute_ms=3.247 prepare_ms=0.001 checksum_ms=2.981 jnmcs_ms=2.964 reused=true
checksum_perf construct_ms=0.000 execute_ms=2.358 prepare_ms=0.001 checksum_ms=2.220 jnmcs_ms=2.211 reused=true
checksum_perf construct_ms=0.000 execute_ms=2.236 prepare_ms=0.001 checksum_ms=2.115 jnmcs_ms=2.107 reused=true
checksum_perf construct_ms=0.000 execute_ms=2.674 prepare_ms=0.001 checksum_ms=2.543 jnmcs_ms=2.532 reused=true
checksum_perf construct_ms=0.000 execute_ms=3.446 prepare_ms=0.001 checksum_ms=3.305 jnmcs_ms=3.292 reused=true
checksum_perf construct_ms=0.000 execute_ms=2.477 prepare_ms=0.001 checksum_ms=2.272 jnmcs_ms=2.256 reused=true
checksum_perf construct_ms=0.000 execute_ms=3.576 prepare_ms=0.001 checksum_ms=3.357 jnmcs_ms=3.345 reused=true
checksum_perf construct_ms=0.000 execute_ms=4.637 prepare_ms=0.001 checksum_ms=4.516 jnmcs_ms=4.505 reused=true
checksum_perf construct_ms=0.000 execute_ms=5.045 prepare_ms=0.001 checksum_ms=4.892 jnmcs_ms=4.868 reused=true
checksum_perf construct_ms=0.000 execute_ms=3.579 prepare_ms=0.002 checksum_ms=3.171 jnmcs_ms=3.139 reused=true
checksum_perf construct_ms=0.000 execute_ms=2.945 prepare_ms=0.001 checksum_ms=2.795 jnmcs_ms=2.783 reused=true
checksum_perf construct_ms=0.000 execute_ms=2.556 prepare_ms=0.001 checksum_ms=2.428 jnmcs_ms=2.417 reused=true
checksum_perf construct_ms=0.000 execute_ms=3.744 prepare_ms=0.001 checksum_ms=3.619 jnmcs_ms=3.608 reused=true
checksum_perf construct_ms=0.000 execute_ms=2.325 prepare_ms=0.001 checksum_ms=2.183 jnmcs_ms=2.173 reused=true
checksum_perf construct_ms=0.000 execute_ms=4.548 prepare_ms=0.001 checksum_ms=4.425 jnmcs_ms=4.413 reused=true
checksum_perf construct_ms=0.000 execute_ms=3.437 prepare_ms=0.001 checksum_ms=3.288 jnmcs_ms=3.274 reused=true
checksum_perf construct_ms=0.000 execute_ms=2.486 prepare_ms=0.001 checksum_ms=2.339 jnmcs_ms=2.330 reused=true
checksum_perf construct_ms=0.000 execute_ms=2.511 prepare_ms=0.001 checksum_ms=2.331 jnmcs_ms=2.320 reused=true
checksum_perf construct_ms=0.000 execute_ms=2.515 prepare_ms=0.001 checksum_ms=2.395 jnmcs_ms=2.387 reused=true
checksum_perf construct_ms=0.000 execute_ms=3.411 prepare_ms=0.001 checksum_ms=3.289 jnmcs_ms=3.276 reused=true
checksum_perf construct_ms=0.000 execute_ms=3.500 prepare_ms=0.001 checksum_ms=3.335 jnmcs_ms=3.322 reused=true
checksum_perf construct_ms=0.000 execute_ms=4.592 prepare_ms=0.001 checksum_ms=4.147 jnmcs_ms=4.106 reused=true
checksum_perf construct_ms=0.000 execute_ms=4.643 prepare_ms=0.001 checksum_ms=4.177 jnmcs_ms=4.125 reused=true
checksum_perf construct_ms=0.000 execute_ms=3.483 prepare_ms=0.001 checksum_ms=3.047 jnmcs_ms=3.013 reused=true
checksum_perf construct_ms=0.000 execute_ms=2.435 prepare_ms=0.001 checksum_ms=2.269 jnmcs_ms=2.255 reused=true
checksum_perf construct_ms=0.000 execute_ms=2.876 prepare_ms=0.001 checksum_ms=2.672 jnmcs_ms=2.653 reused=true
checksum_perf construct_ms=0.000 execute_ms=14.116 prepare_ms=0.002 checksum_ms=13.611 jnmcs_ms=13.541 reused=true
checksum_perf construct_ms=0.000 execute_ms=4.821 prepare_ms=0.001 checksum_ms=4.644 jnmcs_ms=4.622 reused=true
checksum_perf construct_ms=0.000 execute_ms=4.350 prepare_ms=0.001 checksum_ms=4.199 jnmcs_ms=4.183 reused=true
checksum_perf construct_ms=0.000 execute_ms=3.200 prepare_ms=0.001 checksum_ms=3.052 jnmcs_ms=3.042 reused=true
checksum_perf construct_ms=0.000 execute_ms=5.270 prepare_ms=0.001 checksum_ms=5.140 jnmcs_ms=5.127 reused=true
checksum_perf construct_ms=0.000 execute_ms=5.349 prepare_ms=0.001 checksum_ms=5.189 jnmcs_ms=5.153 reused=true
