checksum_http_service=LISTENING
checksum_http_port=19410
checksum_http_workers=1
checksum_http_mode=emulate
checksum_http_runtime=/Users/danielscai/Documents/workspace/navpay/navpay-phonepe/src/services/checksum/runtime
checksum_http_library=/Users/danielscai/Documents/workspace/navpay/navpay-phonepe/src/services/checksum/runtime/lib/arm64-v8a/libphonepe-cryptography-support-lib.so
WARNING: A restricted method in java.lang.System has been called
WARNING: java.lang.System::loadLibrary has been called by org.scijava.nativelib.NativeLoader in an unnamed module (file:/Users/danielscai/Documents/workspace/navpay/navpay-phonepe/src/services/checksum/target/checksum-service.jar)
WARNING: Use --enable-native-access=ALL-UNNAMED to avoid a warning for callers in this module
WARNING: Restricted methods will be blocked in a future release unless native access is enabled

[pool-1-thread-1] INFO com.github.unidbg.linux.AndroidSyscallHandler - Return default pipe pair.
checksum_perf construct_ms=0.000 execute_ms=1890.246 prepare_ms=1839.194 checksum_ms=43.758 jnmcs_ms=43.555 reused=false
checksum_perf construct_ms=0.000 execute_ms=5.746 prepare_ms=0.001 checksum_ms=5.121 jnmcs_ms=5.055 reused=true
checksum_perf construct_ms=0.000 execute_ms=3.704 prepare_ms=0.001 checksum_ms=3.189 jnmcs_ms=3.146 reused=true
checksum_perf construct_ms=0.000 execute_ms=5.703 prepare_ms=0.000 checksum_ms=5.166 jnmcs_ms=4.980 reused=true
checksum_perf construct_ms=0.000 execute_ms=7.734 prepare_ms=0.001 checksum_ms=6.652 jnmcs_ms=6.568 reused=true
checksum_perf construct_ms=0.000 execute_ms=3.664 prepare_ms=0.001 checksum_ms=3.124 jnmcs_ms=3.073 reused=true
checksum_perf construct_ms=0.000 execute_ms=3.724 prepare_ms=0.001 checksum_ms=3.277 jnmcs_ms=3.237 reused=true
checksum_perf construct_ms=0.000 execute_ms=4.516 prepare_ms=0.001 checksum_ms=3.189 jnmcs_ms=3.142 reused=true
checksum_perf construct_ms=0.000 execute_ms=4.426 prepare_ms=0.001 checksum_ms=4.008 jnmcs_ms=3.954 reused=true
checksum_perf construct_ms=0.000 execute_ms=8.200 prepare_ms=0.001 checksum_ms=7.684 jnmcs_ms=7.462 reused=true
checksum_perf construct_ms=0.000 execute_ms=5.184 prepare_ms=0.001 checksum_ms=4.736 jnmcs_ms=4.665 reused=true
checksum_perf construct_ms=0.000 execute_ms=4.587 prepare_ms=0.002 checksum_ms=3.775 jnmcs_ms=3.575 reused=true
checksum_perf construct_ms=0.000 execute_ms=7.832 prepare_ms=0.001 checksum_ms=7.442 jnmcs_ms=7.390 reused=true
checksum_perf construct_ms=0.000 execute_ms=6.625 prepare_ms=0.001 checksum_ms=6.171 jnmcs_ms=6.105 reused=true
checksum_perf construct_ms=0.000 execute_ms=3.162 prepare_ms=0.001 checksum_ms=2.731 jnmcs_ms=2.682 reused=true
checksum_perf construct_ms=0.000 execute_ms=3.799 prepare_ms=0.001 checksum_ms=2.957 jnmcs_ms=2.916 reused=true
checksum_perf construct_ms=0.000 execute_ms=3.224 prepare_ms=0.001 checksum_ms=2.847 jnmcs_ms=2.809 reused=true
checksum_perf construct_ms=0.000 execute_ms=8.671 prepare_ms=0.001 checksum_ms=7.860 jnmcs_ms=7.719 reused=true
checksum_perf construct_ms=0.000 execute_ms=4.346 prepare_ms=0.001 checksum_ms=3.155 jnmcs_ms=3.108 reused=true
checksum_perf construct_ms=0.000 execute_ms=5.142 prepare_ms=0.001 checksum_ms=3.517 jnmcs_ms=3.467 reused=true
checksum_perf construct_ms=0.000 execute_ms=3.106 prepare_ms=0.001 checksum_ms=2.753 jnmcs_ms=2.725 reused=true
checksum_perf construct_ms=0.000 execute_ms=6.622 prepare_ms=0.001 checksum_ms=6.121 jnmcs_ms=6.019 reused=true
checksum_perf construct_ms=0.000 execute_ms=5.869 prepare_ms=0.002 checksum_ms=4.805 jnmcs_ms=4.732 reused=true
checksum_perf construct_ms=0.000 execute_ms=3.601 prepare_ms=0.001 checksum_ms=3.245 jnmcs_ms=3.205 reused=true
checksum_perf construct_ms=0.000 execute_ms=5.326 prepare_ms=0.001 checksum_ms=5.014 jnmcs_ms=4.972 reused=true
checksum_perf construct_ms=0.000 execute_ms=3.847 prepare_ms=0.001 checksum_ms=3.009 jnmcs_ms=2.966 reused=true
checksum_perf construct_ms=0.000 execute_ms=4.840 prepare_ms=0.001 checksum_ms=4.496 jnmcs_ms=4.461 reused=true
checksum_perf construct_ms=0.000 execute_ms=3.034 prepare_ms=0.001 checksum_ms=2.509 jnmcs_ms=2.482 reused=true
checksum_perf construct_ms=0.000 execute_ms=9.233 prepare_ms=0.000 checksum_ms=8.747 jnmcs_ms=8.625 reused=true
checksum_perf construct_ms=0.000 execute_ms=3.400 prepare_ms=0.001 checksum_ms=2.959 jnmcs_ms=2.923 reused=true
checksum_perf construct_ms=0.000 execute_ms=2.730 prepare_ms=0.000 checksum_ms=2.445 jnmcs_ms=2.421 reused=true
checksum_perf construct_ms=0.000 execute_ms=3.849 prepare_ms=0.000 checksum_ms=3.589 jnmcs_ms=3.553 reused=true
checksum_perf construct_ms=0.000 execute_ms=7.110 prepare_ms=0.001 checksum_ms=6.773 jnmcs_ms=6.737 reused=true
checksum_perf construct_ms=0.000 execute_ms=3.147 prepare_ms=0.001 checksum_ms=2.785 jnmcs_ms=2.703 reused=true
checksum_perf construct_ms=0.000 execute_ms=6.012 prepare_ms=0.001 checksum_ms=5.624 jnmcs_ms=5.582 reused=true
checksum_perf construct_ms=0.000 execute_ms=5.654 prepare_ms=0.001 checksum_ms=4.948 jnmcs_ms=4.911 reused=true
checksum_perf construct_ms=0.000 execute_ms=2.801 prepare_ms=0.001 checksum_ms=2.511 jnmcs_ms=2.486 reused=true
checksum_perf construct_ms=0.000 execute_ms=8.318 prepare_ms=0.001 checksum_ms=8.030 jnmcs_ms=7.977 reused=true
checksum_perf construct_ms=0.000 execute_ms=6.984 prepare_ms=0.001 checksum_ms=6.399 jnmcs_ms=6.328 reused=true
checksum_perf construct_ms=0.000 execute_ms=4.627 prepare_ms=0.001 checksum_ms=3.918 jnmcs_ms=3.884 reused=true
checksum_perf construct_ms=0.000 execute_ms=4.231 prepare_ms=0.001 checksum_ms=3.124 jnmcs_ms=3.087 reused=true
checksum_perf construct_ms=0.000 execute_ms=6.415 prepare_ms=0.001 checksum_ms=6.072 jnmcs_ms=5.976 reused=true
checksum_perf construct_ms=0.000 execute_ms=8.128 prepare_ms=0.001 checksum_ms=7.532 jnmcs_ms=7.381 reused=true
checksum_perf construct_ms=0.000 execute_ms=2.852 prepare_ms=0.001 checksum_ms=2.492 jnmcs_ms=2.466 reused=true
checksum_perf construct_ms=0.000 execute_ms=5.102 prepare_ms=0.001 checksum_ms=4.774 jnmcs_ms=4.688 reused=true
checksum_perf construct_ms=0.000 execute_ms=2.968 prepare_ms=0.001 checksum_ms=2.451 jnmcs_ms=2.429 reused=true
checksum_perf construct_ms=0.000 execute_ms=2.623 prepare_ms=0.001 checksum_ms=2.349 jnmcs_ms=2.326 reused=true
checksum_perf construct_ms=0.000 execute_ms=3.143 prepare_ms=0.001 checksum_ms=2.889 jnmcs_ms=2.868 reused=true
checksum_perf construct_ms=0.000 execute_ms=4.944 prepare_ms=0.001 checksum_ms=4.702 jnmcs_ms=4.676 reused=true
checksum_perf construct_ms=0.000 execute_ms=8.078 prepare_ms=0.001 checksum_ms=5.309 jnmcs_ms=5.269 reused=true
checksum_perf construct_ms=0.000 execute_ms=2.901 prepare_ms=0.001 checksum_ms=2.581 jnmcs_ms=2.559 reused=true
checksum_perf construct_ms=0.000 execute_ms=5.069 prepare_ms=0.001 checksum_ms=4.803 jnmcs_ms=4.760 reused=true
checksum_perf construct_ms=0.000 execute_ms=3.919 prepare_ms=0.001 checksum_ms=3.626 jnmcs_ms=3.596 reused=true
checksum_perf construct_ms=0.000 execute_ms=6.322 prepare_ms=0.001 checksum_ms=5.564 jnmcs_ms=5.479 reused=true
checksum_perf construct_ms=0.000 execute_ms=8.563 prepare_ms=0.001 checksum_ms=5.098 jnmcs_ms=5.013 reused=true
checksum_perf construct_ms=0.000 execute_ms=13.436 prepare_ms=0.001 checksum_ms=12.758 jnmcs_ms=12.322 reused=true
checksum_perf construct_ms=0.000 execute_ms=17.399 prepare_ms=0.001 checksum_ms=11.662 jnmcs_ms=11.559 reused=true
checksum_perf construct_ms=0.000 execute_ms=8.370 prepare_ms=0.001 checksum_ms=6.988 jnmcs_ms=6.933 reused=true
checksum_perf construct_ms=0.000 execute_ms=12.641 prepare_ms=0.001 checksum_ms=9.453 jnmcs_ms=9.400 reused=true
checksum_perf construct_ms=0.000 execute_ms=6.894 prepare_ms=0.001 checksum_ms=6.080 jnmcs_ms=5.949 reused=true
checksum_perf construct_ms=0.000 execute_ms=6.533 prepare_ms=0.001 checksum_ms=5.976 jnmcs_ms=5.884 reused=true
checksum_perf construct_ms=0.000 execute_ms=9.680 prepare_ms=0.001 checksum_ms=8.721 jnmcs_ms=8.633 reused=true
checksum_perf construct_ms=0.000 execute_ms=46.884 prepare_ms=0.001 checksum_ms=43.310 jnmcs_ms=38.770 reused=true
checksum_perf construct_ms=0.000 execute_ms=4.841 prepare_ms=0.001 checksum_ms=3.834 jnmcs_ms=3.783 reused=true
checksum_perf construct_ms=0.000 execute_ms=9.422 prepare_ms=0.001 checksum_ms=8.626 jnmcs_ms=8.409 reused=true
checksum_perf construct_ms=0.000 execute_ms=5.714 prepare_ms=0.001 checksum_ms=5.320 jnmcs_ms=5.260 reused=true
checksum_perf construct_ms=0.000 execute_ms=10.080 prepare_ms=0.001 checksum_ms=8.671 jnmcs_ms=8.611 reused=true
checksum_perf construct_ms=0.000 execute_ms=12.295 prepare_ms=0.001 checksum_ms=11.983 jnmcs_ms=11.924 reused=true
checksum_perf construct_ms=0.000 execute_ms=6.363 prepare_ms=0.001 checksum_ms=6.010 jnmcs_ms=5.969 reused=true
checksum_perf construct_ms=0.000 execute_ms=9.815 prepare_ms=0.001 checksum_ms=9.420 jnmcs_ms=9.357 reused=true
checksum_perf construct_ms=0.000 execute_ms=5.875 prepare_ms=0.002 checksum_ms=4.889 jnmcs_ms=4.841 reused=true
checksum_perf construct_ms=0.000 execute_ms=6.580 prepare_ms=0.001 checksum_ms=5.589 jnmcs_ms=5.530 reused=true
checksum_perf construct_ms=0.000 execute_ms=6.849 prepare_ms=0.004 checksum_ms=6.270 jnmcs_ms=6.060 reused=true
checksum_perf construct_ms=0.000 execute_ms=5.130 prepare_ms=0.001 checksum_ms=4.787 jnmcs_ms=4.701 reused=true
checksum_perf construct_ms=0.000 execute_ms=7.372 prepare_ms=0.001 checksum_ms=7.032 jnmcs_ms=6.939 reused=true
checksum_perf construct_ms=0.000 execute_ms=4.699 prepare_ms=0.001 checksum_ms=4.067 jnmcs_ms=4.001 reused=true
checksum_perf construct_ms=0.000 execute_ms=4.825 prepare_ms=0.001 checksum_ms=4.174 jnmcs_ms=4.124 reused=true
checksum_perf construct_ms=0.000 execute_ms=3.798 prepare_ms=0.001 checksum_ms=3.437 jnmcs_ms=2.977 reused=true
checksum_perf construct_ms=0.000 execute_ms=7.390 prepare_ms=0.001 checksum_ms=5.348 jnmcs_ms=5.283 reused=true
checksum_perf construct_ms=0.000 execute_ms=3.840 prepare_ms=0.001 checksum_ms=3.512 jnmcs_ms=3.465 reused=true
checksum_perf construct_ms=0.000 execute_ms=8.839 prepare_ms=0.001 checksum_ms=7.111 jnmcs_ms=6.894 reused=true
checksum_perf construct_ms=0.000 execute_ms=6.934 prepare_ms=0.001 checksum_ms=6.201 jnmcs_ms=6.143 reused=true
checksum_perf construct_ms=0.000 execute_ms=3.252 prepare_ms=0.001 checksum_ms=2.834 jnmcs_ms=2.803 reused=true
checksum_perf construct_ms=0.000 execute_ms=4.567 prepare_ms=0.001 checksum_ms=4.214 jnmcs_ms=4.182 reused=true
checksum_perf construct_ms=0.000 execute_ms=4.473 prepare_ms=0.001 checksum_ms=4.154 jnmcs_ms=4.125 reused=true
checksum_perf construct_ms=0.000 execute_ms=7.580 prepare_ms=0.001 checksum_ms=7.237 jnmcs_ms=7.196 reused=true
checksum_perf construct_ms=0.000 execute_ms=4.695 prepare_ms=0.001 checksum_ms=4.396 jnmcs_ms=4.368 reused=true
checksum_perf construct_ms=0.000 execute_ms=3.002 prepare_ms=0.001 checksum_ms=2.767 jnmcs_ms=2.743 reused=true
checksum_perf construct_ms=0.000 execute_ms=6.986 prepare_ms=0.001 checksum_ms=6.718 jnmcs_ms=6.681 reused=true
checksum_perf construct_ms=0.000 execute_ms=3.678 prepare_ms=0.001 checksum_ms=2.953 jnmcs_ms=2.917 reused=true
checksum_perf construct_ms=0.000 execute_ms=6.398 prepare_ms=0.001 checksum_ms=6.143 jnmcs_ms=6.107 reused=true
checksum_perf construct_ms=0.000 execute_ms=2.960 prepare_ms=0.001 checksum_ms=2.668 jnmcs_ms=2.646 reused=true
checksum_perf construct_ms=0.000 execute_ms=5.460 prepare_ms=0.001 checksum_ms=5.235 jnmcs_ms=5.204 reused=true
checksum_perf construct_ms=0.000 execute_ms=4.637 prepare_ms=0.001 checksum_ms=3.704 jnmcs_ms=3.645 reused=true
checksum_perf construct_ms=0.000 execute_ms=20.955 prepare_ms=0.001 checksum_ms=19.798 jnmcs_ms=19.707 reused=true
checksum_perf construct_ms=0.000 execute_ms=9.957 prepare_ms=0.001 checksum_ms=9.031 jnmcs_ms=8.971 reused=true
checksum_perf construct_ms=0.000 execute_ms=7.635 prepare_ms=0.001 checksum_ms=6.852 jnmcs_ms=6.768 reused=true
checksum_perf construct_ms=0.000 execute_ms=4.046 prepare_ms=0.001 checksum_ms=3.715 jnmcs_ms=3.622 reused=true
checksum_perf construct_ms=0.000 execute_ms=4.008 prepare_ms=0.001 checksum_ms=3.167 jnmcs_ms=3.125 reused=true
checksum_perf construct_ms=0.000 execute_ms=13.759 prepare_ms=0.002 checksum_ms=12.846 jnmcs_ms=12.760 reused=true
checksum_perf construct_ms=0.000 execute_ms=13.507 prepare_ms=0.001 checksum_ms=12.098 jnmcs_ms=12.021 reused=true
checksum_perf construct_ms=0.000 execute_ms=14.366 prepare_ms=0.001 checksum_ms=13.116 jnmcs_ms=13.039 reused=true
checksum_perf construct_ms=0.000 execute_ms=8.072 prepare_ms=0.001 checksum_ms=7.402 jnmcs_ms=7.295 reused=true
checksum_perf construct_ms=0.000 execute_ms=4.642 prepare_ms=0.001 checksum_ms=4.140 jnmcs_ms=4.113 reused=true
checksum_perf construct_ms=0.000 execute_ms=4.284 prepare_ms=0.001 checksum_ms=3.981 jnmcs_ms=3.963 reused=true
checksum_perf construct_ms=0.000 execute_ms=3.434 prepare_ms=0.001 checksum_ms=3.161 jnmcs_ms=3.140 reused=true
checksum_perf construct_ms=0.000 execute_ms=19.030 prepare_ms=0.001 checksum_ms=18.475 jnmcs_ms=18.424 reused=true
checksum_perf construct_ms=0.000 execute_ms=24.166 prepare_ms=0.067 checksum_ms=16.688 jnmcs_ms=12.022 reused=true
checksum_perf construct_ms=0.000 execute_ms=13.756 prepare_ms=0.001 checksum_ms=12.725 jnmcs_ms=12.679 reused=true
checksum_perf construct_ms=0.000 execute_ms=14.972 prepare_ms=0.001 checksum_ms=11.144 jnmcs_ms=11.105 reused=true
checksum_perf construct_ms=0.000 execute_ms=6.424 prepare_ms=0.001 checksum_ms=5.725 jnmcs_ms=5.694 reused=true
checksum_perf construct_ms=0.000 execute_ms=6.690 prepare_ms=0.001 checksum_ms=4.775 jnmcs_ms=4.747 reused=true
checksum_perf construct_ms=0.000 execute_ms=4.868 prepare_ms=0.001 checksum_ms=3.791 jnmcs_ms=3.763 reused=true
checksum_perf construct_ms=0.000 execute_ms=4.394 prepare_ms=0.001 checksum_ms=3.864 jnmcs_ms=3.810 reused=true
checksum_perf construct_ms=0.000 execute_ms=4.718 prepare_ms=0.001 checksum_ms=4.185 jnmcs_ms=4.148 reused=true
checksum_perf construct_ms=0.000 execute_ms=2.578 prepare_ms=0.001 checksum_ms=2.286 jnmcs_ms=2.269 reused=true
checksum_perf construct_ms=0.000 execute_ms=3.405 prepare_ms=0.001 checksum_ms=3.185 jnmcs_ms=3.167 reused=true
checksum_perf construct_ms=0.000 execute_ms=5.517 prepare_ms=0.001 checksum_ms=4.996 jnmcs_ms=4.969 reused=true
checksum_perf construct_ms=0.000 execute_ms=5.217 prepare_ms=0.001 checksum_ms=4.774 jnmcs_ms=4.753 reused=true
checksum_perf construct_ms=0.000 execute_ms=5.282 prepare_ms=0.001 checksum_ms=4.721 jnmcs_ms=4.649 reused=true
checksum_perf construct_ms=0.000 execute_ms=4.452 prepare_ms=0.001 checksum_ms=3.960 jnmcs_ms=3.914 reused=true
checksum_perf construct_ms=0.000 execute_ms=7.339 prepare_ms=0.001 checksum_ms=7.073 jnmcs_ms=7.047 reused=true
checksum_perf construct_ms=0.000 execute_ms=13.308 prepare_ms=0.001 checksum_ms=12.971 jnmcs_ms=5.414 reused=true
checksum_perf construct_ms=0.000 execute_ms=6.037 prepare_ms=0.001 checksum_ms=5.667 jnmcs_ms=5.636 reused=true
checksum_perf construct_ms=0.000 execute_ms=9.240 prepare_ms=0.001 checksum_ms=8.993 jnmcs_ms=8.962 reused=true
checksum_perf construct_ms=0.000 execute_ms=11.940 prepare_ms=0.001 checksum_ms=5.949 jnmcs_ms=5.889 reused=true
checksum_perf construct_ms=0.000 execute_ms=6.151 prepare_ms=0.001 checksum_ms=5.769 jnmcs_ms=5.735 reused=true
checksum_perf construct_ms=0.000 execute_ms=10.905 prepare_ms=0.002 checksum_ms=6.095 jnmcs_ms=6.051 reused=true
checksum_perf construct_ms=0.000 execute_ms=8.402 prepare_ms=0.001 checksum_ms=7.865 jnmcs_ms=7.816 reused=true
checksum_perf construct_ms=0.000 execute_ms=7.714 prepare_ms=0.001 checksum_ms=7.090 jnmcs_ms=6.989 reused=true
checksum_perf construct_ms=0.000 execute_ms=6.916 prepare_ms=0.001 checksum_ms=6.245 jnmcs_ms=6.202 reused=true
checksum_perf construct_ms=0.000 execute_ms=3.492 prepare_ms=0.001 checksum_ms=3.257 jnmcs_ms=3.236 reused=true
checksum_perf construct_ms=0.000 execute_ms=4.114 prepare_ms=0.001 checksum_ms=3.498 jnmcs_ms=3.477 reused=true
checksum_perf construct_ms=0.000 execute_ms=2.823 prepare_ms=0.001 checksum_ms=2.615 jnmcs_ms=2.601 reused=true
checksum_perf construct_ms=0.000 execute_ms=6.452 prepare_ms=0.001 checksum_ms=6.214 jnmcs_ms=6.151 reused=true
checksum_perf construct_ms=0.000 execute_ms=3.989 prepare_ms=0.001 checksum_ms=3.657 jnmcs_ms=3.634 reused=true
checksum_perf construct_ms=0.000 execute_ms=9.724 prepare_ms=0.001 checksum_ms=8.883 jnmcs_ms=8.837 reused=true
checksum_perf construct_ms=0.000 execute_ms=6.532 prepare_ms=0.001 checksum_ms=6.184 jnmcs_ms=6.159 reused=true
checksum_perf construct_ms=0.000 execute_ms=4.366 prepare_ms=0.001 checksum_ms=4.062 jnmcs_ms=4.016 reused=true
checksum_perf construct_ms=0.000 execute_ms=4.858 prepare_ms=0.010 checksum_ms=4.438 jnmcs_ms=4.407 reused=true
checksum_perf construct_ms=0.000 execute_ms=4.538 prepare_ms=0.001 checksum_ms=4.307 jnmcs_ms=4.291 reused=true
checksum_perf construct_ms=0.000 execute_ms=4.197 prepare_ms=0.001 checksum_ms=3.946 jnmcs_ms=3.899 reused=true
checksum_perf construct_ms=0.000 execute_ms=5.162 prepare_ms=0.001 checksum_ms=4.617 jnmcs_ms=4.550 reused=true
checksum_perf construct_ms=0.000 execute_ms=4.513 prepare_ms=0.001 checksum_ms=4.035 jnmcs_ms=3.985 reused=true
checksum_perf construct_ms=0.000 execute_ms=3.533 prepare_ms=0.001 checksum_ms=3.115 jnmcs_ms=3.095 reused=true
checksum_perf construct_ms=0.000 execute_ms=3.817 prepare_ms=0.001 checksum_ms=3.249 jnmcs_ms=3.220 reused=true
checksum_perf construct_ms=0.000 execute_ms=5.614 prepare_ms=0.001 checksum_ms=5.388 jnmcs_ms=5.365 reused=true
checksum_perf construct_ms=0.000 execute_ms=6.534 prepare_ms=0.001 checksum_ms=5.897 jnmcs_ms=5.857 reused=true
checksum_perf construct_ms=0.000 execute_ms=2.922 prepare_ms=0.001 checksum_ms=2.689 jnmcs_ms=2.675 reused=true
checksum_perf construct_ms=0.000 execute_ms=3.029 prepare_ms=0.001 checksum_ms=2.842 jnmcs_ms=2.822 reused=true
checksum_perf construct_ms=0.000 execute_ms=2.901 prepare_ms=0.001 checksum_ms=2.679 jnmcs_ms=2.665 reused=true
checksum_perf construct_ms=0.000 execute_ms=3.056 prepare_ms=0.000 checksum_ms=2.867 jnmcs_ms=2.855 reused=true
checksum_perf construct_ms=0.000 execute_ms=5.278 prepare_ms=0.000 checksum_ms=5.104 jnmcs_ms=5.089 reused=true
checksum_perf construct_ms=0.000 execute_ms=3.079 prepare_ms=0.001 checksum_ms=2.885 jnmcs_ms=2.875 reused=true
checksum_perf construct_ms=0.000 execute_ms=2.865 prepare_ms=0.000 checksum_ms=2.677 jnmcs_ms=2.638 reused=true
checksum_perf construct_ms=0.000 execute_ms=5.139 prepare_ms=0.001 checksum_ms=4.546 jnmcs_ms=4.530 reused=true
checksum_perf construct_ms=0.000 execute_ms=3.045 prepare_ms=0.000 checksum_ms=2.876 jnmcs_ms=2.862 reused=true
checksum_perf construct_ms=0.000 execute_ms=2.643 prepare_ms=0.000 checksum_ms=2.464 jnmcs_ms=2.455 reused=true
checksum_perf construct_ms=0.000 execute_ms=2.649 prepare_ms=0.000 checksum_ms=2.493 jnmcs_ms=2.484 reused=true
checksum_perf construct_ms=0.000 execute_ms=2.678 prepare_ms=0.001 checksum_ms=2.474 jnmcs_ms=2.461 reused=true
checksum_perf construct_ms=0.000 execute_ms=3.370 prepare_ms=0.000 checksum_ms=3.154 jnmcs_ms=3.142 reused=true
checksum_perf construct_ms=0.000 execute_ms=3.556 prepare_ms=0.001 checksum_ms=3.338 jnmcs_ms=3.322 reused=true
checksum_perf construct_ms=0.000 execute_ms=3.492 prepare_ms=0.001 checksum_ms=2.863 jnmcs_ms=2.845 reused=true
checksum_perf construct_ms=0.000 execute_ms=2.989 prepare_ms=0.001 checksum_ms=2.724 jnmcs_ms=2.710 reused=true
checksum_perf construct_ms=0.000 execute_ms=3.627 prepare_ms=0.001 checksum_ms=3.355 jnmcs_ms=3.340 reused=true
checksum_perf construct_ms=0.000 execute_ms=3.361 prepare_ms=0.001 checksum_ms=2.980 jnmcs_ms=2.964 reused=true
checksum_perf construct_ms=0.000 execute_ms=2.723 prepare_ms=0.001 checksum_ms=2.514 jnmcs_ms=2.502 reused=true
checksum_perf construct_ms=0.000 execute_ms=4.056 prepare_ms=0.001 checksum_ms=3.806 jnmcs_ms=3.791 reused=true
checksum_perf construct_ms=0.000 execute_ms=4.119 prepare_ms=0.001 checksum_ms=3.841 jnmcs_ms=3.823 reused=true
checksum_perf construct_ms=0.000 execute_ms=3.563 prepare_ms=0.001 checksum_ms=2.676 jnmcs_ms=2.661 reused=true
checksum_perf construct_ms=0.000 execute_ms=3.108 prepare_ms=0.001 checksum_ms=2.821 jnmcs_ms=2.777 reused=true
checksum_perf construct_ms=0.000 execute_ms=2.684 prepare_ms=0.001 checksum_ms=2.407 jnmcs_ms=2.393 reused=true
checksum_perf construct_ms=0.000 execute_ms=2.560 prepare_ms=0.001 checksum_ms=2.406 jnmcs_ms=2.395 reused=true
checksum_perf construct_ms=0.000 execute_ms=2.694 prepare_ms=0.000 checksum_ms=2.539 jnmcs_ms=2.520 reused=true
checksum_perf construct_ms=0.000 execute_ms=4.449 prepare_ms=0.001 checksum_ms=4.296 jnmcs_ms=4.279 reused=true
checksum_perf construct_ms=0.000 execute_ms=3.433 prepare_ms=0.001 checksum_ms=3.035 jnmcs_ms=3.020 reused=true
checksum_perf construct_ms=0.000 execute_ms=3.583 prepare_ms=0.001 checksum_ms=3.352 jnmcs_ms=3.336 reused=true
checksum_perf construct_ms=0.000 execute_ms=3.804 prepare_ms=0.001 checksum_ms=3.258 jnmcs_ms=3.234 reused=true
checksum_perf construct_ms=0.000 execute_ms=3.403 prepare_ms=0.001 checksum_ms=3.199 jnmcs_ms=3.184 reused=true
checksum_perf construct_ms=0.000 execute_ms=4.525 prepare_ms=0.001 checksum_ms=4.355 jnmcs_ms=4.335 reused=true
checksum_perf construct_ms=0.000 execute_ms=3.568 prepare_ms=0.001 checksum_ms=3.093 jnmcs_ms=3.044 reused=true
checksum_perf construct_ms=0.000 execute_ms=4.048 prepare_ms=0.001 checksum_ms=3.836 jnmcs_ms=3.818 reused=true
checksum_perf construct_ms=0.000 execute_ms=4.943 prepare_ms=0.001 checksum_ms=4.764 jnmcs_ms=4.742 reused=true
checksum_perf construct_ms=0.000 execute_ms=3.575 prepare_ms=0.001 checksum_ms=3.070 jnmcs_ms=2.905 reused=true
checksum_perf construct_ms=0.000 execute_ms=4.220 prepare_ms=0.001 checksum_ms=3.917 jnmcs_ms=3.875 reused=true
checksum_perf construct_ms=0.000 execute_ms=3.189 prepare_ms=0.001 checksum_ms=2.962 jnmcs_ms=2.949 reused=true
checksum_perf construct_ms=0.000 execute_ms=3.098 prepare_ms=0.001 checksum_ms=2.899 jnmcs_ms=2.885 reused=true
checksum_perf construct_ms=0.000 execute_ms=4.060 prepare_ms=0.001 checksum_ms=3.876 jnmcs_ms=3.856 reused=true
checksum_perf construct_ms=0.000 execute_ms=2.707 prepare_ms=0.001 checksum_ms=2.519 jnmcs_ms=2.502 reused=true
checksum_perf construct_ms=0.000 execute_ms=3.352 prepare_ms=0.001 checksum_ms=3.160 jnmcs_ms=3.146 reused=true
checksum_perf construct_ms=0.000 execute_ms=3.256 prepare_ms=0.001 checksum_ms=3.016 jnmcs_ms=2.987 reused=true
checksum_perf construct_ms=0.000 execute_ms=6.867 prepare_ms=0.002 checksum_ms=5.542 jnmcs_ms=5.455 reused=true
checksum_perf construct_ms=0.000 execute_ms=6.075 prepare_ms=0.001 checksum_ms=5.565 jnmcs_ms=5.488 reused=true
checksum_perf construct_ms=0.000 execute_ms=2.914 prepare_ms=0.001 checksum_ms=2.689 jnmcs_ms=2.667 reused=true
checksum_perf construct_ms=0.000 execute_ms=2.565 prepare_ms=0.001 checksum_ms=2.388 jnmcs_ms=2.373 reused=true
checksum_perf construct_ms=0.000 execute_ms=2.620 prepare_ms=0.001 checksum_ms=2.435 jnmcs_ms=2.421 reused=true
checksum_perf construct_ms=0.000 execute_ms=2.411 prepare_ms=0.001 checksum_ms=2.255 jnmcs_ms=2.242 reused=true
checksum_perf construct_ms=0.000 execute_ms=2.606 prepare_ms=0.001 checksum_ms=2.449 jnmcs_ms=2.437 reused=true
checksum_perf construct_ms=0.000 execute_ms=3.296 prepare_ms=0.001 checksum_ms=3.135 jnmcs_ms=3.122 reused=true
checksum_perf construct_ms=0.000 execute_ms=2.723 prepare_ms=0.001 checksum_ms=2.569 jnmcs_ms=2.557 reused=true
checksum_perf construct_ms=0.000 execute_ms=3.944 prepare_ms=0.001 checksum_ms=3.782 jnmcs_ms=3.761 reused=true
checksum_perf construct_ms=0.000 execute_ms=2.668 prepare_ms=0.001 checksum_ms=2.500 jnmcs_ms=2.482 reused=true
checksum_perf construct_ms=0.000 execute_ms=2.395 prepare_ms=0.001 checksum_ms=2.187 jnmcs_ms=2.172 reused=true
checksum_perf construct_ms=0.000 execute_ms=2.579 prepare_ms=0.001 checksum_ms=2.400 jnmcs_ms=2.390 reused=true
checksum_perf construct_ms=0.000 execute_ms=3.336 prepare_ms=0.000 checksum_ms=3.160 jnmcs_ms=3.146 reused=true
checksum_perf construct_ms=0.000 execute_ms=3.584 prepare_ms=0.001 checksum_ms=3.372 jnmcs_ms=3.354 reused=true
checksum_perf construct_ms=0.000 execute_ms=6.885 prepare_ms=0.026 checksum_ms=6.315 jnmcs_ms=6.252 reused=true
checksum_perf construct_ms=0.000 execute_ms=4.745 prepare_ms=0.001 checksum_ms=4.061 jnmcs_ms=4.027 reused=true
checksum_perf construct_ms=0.000 execute_ms=4.958 prepare_ms=0.001 checksum_ms=4.247 jnmcs_ms=4.188 reused=true
checksum_perf construct_ms=0.000 execute_ms=7.215 prepare_ms=0.001 checksum_ms=6.549 jnmcs_ms=6.509 reused=true
checksum_perf construct_ms=0.000 execute_ms=6.676 prepare_ms=0.001 checksum_ms=6.394 jnmcs_ms=6.349 reused=true
checksum_perf construct_ms=0.000 execute_ms=8.226 prepare_ms=0.001 checksum_ms=4.863 jnmcs_ms=4.821 reused=true
checksum_perf construct_ms=0.000 execute_ms=7.027 prepare_ms=0.001 checksum_ms=6.649 jnmcs_ms=6.596 reused=true
checksum_perf construct_ms=0.000 execute_ms=3.324 prepare_ms=0.001 checksum_ms=3.025 jnmcs_ms=2.983 reused=true
checksum_perf construct_ms=0.000 execute_ms=3.619 prepare_ms=0.002 checksum_ms=3.041 jnmcs_ms=3.012 reused=true
checksum_perf construct_ms=0.000 execute_ms=5.622 prepare_ms=0.001 checksum_ms=5.455 jnmcs_ms=5.412 reused=true
checksum_perf construct_ms=0.000 execute_ms=6.672 prepare_ms=0.003 checksum_ms=5.403 jnmcs_ms=5.363 reused=true
checksum_perf construct_ms=0.000 execute_ms=8.195 prepare_ms=0.001 checksum_ms=7.984 jnmcs_ms=7.958 reused=true
checksum_perf construct_ms=0.000 execute_ms=5.721 prepare_ms=0.001 checksum_ms=5.510 jnmcs_ms=5.458 reused=true
checksum_perf construct_ms=0.000 execute_ms=5.021 prepare_ms=0.001 checksum_ms=4.763 jnmcs_ms=4.727 reused=true
checksum_perf construct_ms=0.000 execute_ms=4.256 prepare_ms=0.001 checksum_ms=4.042 jnmcs_ms=3.997 reused=true
checksum_perf construct_ms=0.000 execute_ms=2.796 prepare_ms=0.001 checksum_ms=2.411 jnmcs_ms=2.396 reused=true
checksum_perf construct_ms=0.000 execute_ms=2.435 prepare_ms=0.001 checksum_ms=2.236 jnmcs_ms=2.224 reused=true
checksum_perf construct_ms=0.000 execute_ms=2.330 prepare_ms=0.001 checksum_ms=2.192 jnmcs_ms=2.182 reused=true
checksum_perf construct_ms=0.000 execute_ms=2.582 prepare_ms=0.001 checksum_ms=2.450 jnmcs_ms=2.439 reused=true
checksum_perf construct_ms=0.000 execute_ms=2.493 prepare_ms=0.001 checksum_ms=2.222 jnmcs_ms=2.204 reused=true
checksum_perf construct_ms=0.000 execute_ms=2.589 prepare_ms=0.001 checksum_ms=2.406 jnmcs_ms=2.391 reused=true
checksum_perf construct_ms=0.000 execute_ms=3.835 prepare_ms=0.001 checksum_ms=3.424 jnmcs_ms=3.402 reused=true
checksum_perf construct_ms=0.000 execute_ms=4.164 prepare_ms=0.001 checksum_ms=3.966 jnmcs_ms=3.945 reused=true
checksum_perf construct_ms=0.000 execute_ms=4.230 prepare_ms=0.001 checksum_ms=3.989 jnmcs_ms=3.967 reused=true
checksum_perf construct_ms=0.000 execute_ms=14.953 prepare_ms=0.001 checksum_ms=7.369 jnmcs_ms=7.331 reused=true
checksum_perf construct_ms=0.000 execute_ms=11.344 prepare_ms=0.001 checksum_ms=9.577 jnmcs_ms=9.531 reused=true
checksum_perf construct_ms=0.000 execute_ms=4.528 prepare_ms=0.001 checksum_ms=4.054 jnmcs_ms=4.000 reused=true
checksum_perf construct_ms=0.000 execute_ms=7.223 prepare_ms=0.001 checksum_ms=6.574 jnmcs_ms=6.542 reused=true
checksum_perf construct_ms=0.000 execute_ms=5.566 prepare_ms=0.002 checksum_ms=5.139 jnmcs_ms=5.044 reused=true
checksum_perf construct_ms=0.000 execute_ms=8.254 prepare_ms=0.001 checksum_ms=7.673 jnmcs_ms=7.639 reused=true
checksum_perf construct_ms=0.000 execute_ms=4.023 prepare_ms=0.001 checksum_ms=3.309 jnmcs_ms=3.250 reused=true
checksum_perf construct_ms=0.000 execute_ms=2.928 prepare_ms=0.001 checksum_ms=2.760 jnmcs_ms=2.747 reused=true
checksum_perf construct_ms=0.000 execute_ms=5.630 prepare_ms=0.001 checksum_ms=4.916 jnmcs_ms=4.880 reused=true
checksum_perf construct_ms=0.000 execute_ms=4.717 prepare_ms=0.001 checksum_ms=4.505 jnmcs_ms=4.483 reused=true
checksum_perf construct_ms=0.000 execute_ms=3.664 prepare_ms=0.001 checksum_ms=3.489 jnmcs_ms=3.475 reused=true
checksum_perf construct_ms=0.000 execute_ms=3.241 prepare_ms=0.001 checksum_ms=3.082 jnmcs_ms=3.057 reused=true
checksum_perf construct_ms=0.000 execute_ms=3.192 prepare_ms=0.001 checksum_ms=2.865 jnmcs_ms=2.845 reused=true
checksum_perf construct_ms=0.000 execute_ms=2.613 prepare_ms=0.000 checksum_ms=2.442 jnmcs_ms=2.429 reused=true
checksum_perf construct_ms=0.000 execute_ms=3.043 prepare_ms=0.001 checksum_ms=2.506 jnmcs_ms=2.496 reused=true
checksum_perf construct_ms=0.000 execute_ms=2.447 prepare_ms=0.001 checksum_ms=2.281 jnmcs_ms=2.271 reused=true
checksum_perf construct_ms=0.000 execute_ms=3.830 prepare_ms=0.001 checksum_ms=3.678 jnmcs_ms=3.663 reused=true
checksum_perf construct_ms=0.000 execute_ms=3.108 prepare_ms=0.001 checksum_ms=2.873 jnmcs_ms=2.839 reused=true
checksum_perf construct_ms=0.000 execute_ms=4.306 prepare_ms=0.001 checksum_ms=4.142 jnmcs_ms=4.131 reused=true
checksum_perf construct_ms=0.000 execute_ms=2.801 prepare_ms=0.001 checksum_ms=2.629 jnmcs_ms=2.617 reused=true
checksum_perf construct_ms=0.000 execute_ms=3.117 prepare_ms=0.001 checksum_ms=2.700 jnmcs_ms=2.680 reused=true
checksum_perf construct_ms=0.000 execute_ms=3.485 prepare_ms=0.002 checksum_ms=2.633 jnmcs_ms=2.621 reused=true
checksum_perf construct_ms=0.000 execute_ms=3.593 prepare_ms=0.001 checksum_ms=3.427 jnmcs_ms=3.415 reused=true
checksum_perf construct_ms=0.000 execute_ms=3.327 prepare_ms=0.001 checksum_ms=3.158 jnmcs_ms=3.147 reused=true
checksum_perf construct_ms=0.000 execute_ms=2.431 prepare_ms=0.001 checksum_ms=2.268 jnmcs_ms=2.259 reused=true
checksum_perf construct_ms=0.000 execute_ms=4.618 prepare_ms=0.001 checksum_ms=3.018 jnmcs_ms=3.000 reused=true
checksum_perf construct_ms=0.000 execute_ms=3.052 prepare_ms=0.001 checksum_ms=2.863 jnmcs_ms=2.844 reused=true
checksum_perf construct_ms=0.000 execute_ms=3.750 prepare_ms=0.001 checksum_ms=3.562 jnmcs_ms=3.537 reused=true
checksum_perf construct_ms=0.000 execute_ms=2.595 prepare_ms=0.001 checksum_ms=2.474 jnmcs_ms=2.465 reused=true
checksum_perf construct_ms=0.000 execute_ms=3.266 prepare_ms=0.001 checksum_ms=3.118 jnmcs_ms=3.097 reused=true
checksum_perf construct_ms=0.000 execute_ms=3.024 prepare_ms=0.001 checksum_ms=2.722 jnmcs_ms=2.712 reused=true
checksum_perf construct_ms=0.000 execute_ms=2.932 prepare_ms=0.001 checksum_ms=2.769 jnmcs_ms=2.761 reused=true
checksum_perf construct_ms=0.000 execute_ms=3.179 prepare_ms=0.001 checksum_ms=2.963 jnmcs_ms=2.952 reused=true
checksum_perf construct_ms=0.000 execute_ms=2.638 prepare_ms=0.001 checksum_ms=2.494 jnmcs_ms=2.485 reused=true
checksum_perf construct_ms=0.000 execute_ms=5.056 prepare_ms=0.001 checksum_ms=4.907 jnmcs_ms=4.877 reused=true
checksum_perf construct_ms=0.000 execute_ms=7.343 prepare_ms=0.001 checksum_ms=6.661 jnmcs_ms=6.643 reused=true
checksum_perf construct_ms=0.000 execute_ms=7.265 prepare_ms=0.002 checksum_ms=6.860 jnmcs_ms=6.786 reused=true
checksum_perf construct_ms=0.000 execute_ms=5.633 prepare_ms=0.001 checksum_ms=5.370 jnmcs_ms=5.315 reused=true
checksum_perf construct_ms=0.000 execute_ms=6.945 prepare_ms=0.001 checksum_ms=5.737 jnmcs_ms=5.669 reused=true
checksum_perf construct_ms=0.000 execute_ms=6.270 prepare_ms=0.001 checksum_ms=6.059 jnmcs_ms=6.038 reused=true
checksum_perf construct_ms=0.000 execute_ms=3.796 prepare_ms=0.001 checksum_ms=3.600 jnmcs_ms=3.587 reused=true
checksum_perf construct_ms=0.000 execute_ms=3.845 prepare_ms=0.001 checksum_ms=3.461 jnmcs_ms=3.440 reused=true
checksum_perf construct_ms=0.000 execute_ms=3.424 prepare_ms=0.001 checksum_ms=3.219 jnmcs_ms=3.206 reused=true
checksum_perf construct_ms=0.000 execute_ms=2.667 prepare_ms=0.001 checksum_ms=2.503 jnmcs_ms=2.491 reused=true
checksum_perf construct_ms=0.000 execute_ms=3.010 prepare_ms=0.001 checksum_ms=2.824 jnmcs_ms=2.815 reused=true
checksum_perf construct_ms=0.000 execute_ms=3.123 prepare_ms=0.001 checksum_ms=2.979 jnmcs_ms=2.970 reused=true
checksum_perf construct_ms=0.000 execute_ms=4.930 prepare_ms=0.001 checksum_ms=4.673 jnmcs_ms=4.642 reused=true
checksum_perf construct_ms=0.000 execute_ms=2.888 prepare_ms=0.001 checksum_ms=2.660 jnmcs_ms=2.642 reused=true
checksum_perf construct_ms=0.000 execute_ms=2.540 prepare_ms=0.001 checksum_ms=2.368 jnmcs_ms=2.347 reused=true
checksum_perf construct_ms=0.000 execute_ms=3.160 prepare_ms=0.001 checksum_ms=2.937 jnmcs_ms=2.924 reused=true
checksum_perf construct_ms=0.000 execute_ms=2.806 prepare_ms=0.001 checksum_ms=2.668 jnmcs_ms=2.660 reused=true
checksum_perf construct_ms=0.000 execute_ms=2.626 prepare_ms=0.001 checksum_ms=2.488 jnmcs_ms=2.479 reused=true
checksum_perf construct_ms=0.000 execute_ms=2.318 prepare_ms=0.001 checksum_ms=2.192 jnmcs_ms=2.182 reused=true
checksum_perf construct_ms=0.000 execute_ms=2.494 prepare_ms=0.001 checksum_ms=2.339 jnmcs_ms=2.330 reused=true
checksum_perf construct_ms=0.000 execute_ms=2.427 prepare_ms=0.001 checksum_ms=2.269 jnmcs_ms=2.261 reused=true
checksum_perf construct_ms=0.000 execute_ms=4.571 prepare_ms=0.001 checksum_ms=4.433 jnmcs_ms=4.412 reused=true
checksum_perf construct_ms=0.000 execute_ms=4.136 prepare_ms=0.001 checksum_ms=3.982 jnmcs_ms=3.965 reused=true
checksum_perf construct_ms=0.000 execute_ms=4.851 prepare_ms=0.001 checksum_ms=4.027 jnmcs_ms=3.992 reused=true
checksum_perf construct_ms=0.000 execute_ms=5.083 prepare_ms=0.059 checksum_ms=4.479 jnmcs_ms=4.459 reused=true
checksum_perf construct_ms=0.000 execute_ms=3.164 prepare_ms=0.001 checksum_ms=3.002 jnmcs_ms=2.987 reused=true
checksum_perf construct_ms=0.000 execute_ms=3.361 prepare_ms=0.002 checksum_ms=3.034 jnmcs_ms=3.021 reused=true
checksum_perf construct_ms=0.000 execute_ms=2.514 prepare_ms=0.001 checksum_ms=2.361 jnmcs_ms=2.351 reused=true
checksum_perf construct_ms=0.000 execute_ms=2.535 prepare_ms=0.001 checksum_ms=2.378 jnmcs_ms=2.367 reused=true
checksum_perf construct_ms=0.000 execute_ms=2.786 prepare_ms=0.001 checksum_ms=2.563 jnmcs_ms=2.554 reused=true
checksum_perf construct_ms=0.000 execute_ms=2.500 prepare_ms=0.001 checksum_ms=2.356 jnmcs_ms=2.348 reused=true
checksum_perf construct_ms=0.000 execute_ms=2.843 prepare_ms=0.001 checksum_ms=2.722 jnmcs_ms=2.688 reused=true
checksum_perf construct_ms=0.000 execute_ms=3.584 prepare_ms=0.001 checksum_ms=3.174 jnmcs_ms=3.161 reused=true
checksum_perf construct_ms=0.000 execute_ms=3.125 prepare_ms=0.001 checksum_ms=2.659 jnmcs_ms=2.631 reused=true
checksum_perf construct_ms=0.000 execute_ms=2.999 prepare_ms=0.001 checksum_ms=2.810 jnmcs_ms=2.780 reused=true
checksum_perf construct_ms=0.000 execute_ms=4.693 prepare_ms=0.001 checksum_ms=4.325 jnmcs_ms=4.225 reused=true
checksum_perf construct_ms=0.000 execute_ms=3.352 prepare_ms=0.001 checksum_ms=3.164 jnmcs_ms=3.144 reused=true
checksum_perf construct_ms=0.000 execute_ms=2.635 prepare_ms=0.001 checksum_ms=2.479 jnmcs_ms=2.468 reused=true
checksum_perf construct_ms=0.000 execute_ms=2.678 prepare_ms=0.001 checksum_ms=2.548 jnmcs_ms=2.538 reused=true
checksum_perf construct_ms=0.000 execute_ms=2.473 prepare_ms=0.001 checksum_ms=2.335 jnmcs_ms=2.327 reused=true
checksum_perf construct_ms=0.000 execute_ms=3.072 prepare_ms=0.001 checksum_ms=2.938 jnmcs_ms=2.930 reused=true
checksum_perf construct_ms=0.000 execute_ms=3.015 prepare_ms=0.001 checksum_ms=2.861 jnmcs_ms=2.851 reused=true
checksum_perf construct_ms=0.000 execute_ms=2.626 prepare_ms=0.001 checksum_ms=2.491 jnmcs_ms=2.481 reused=true
checksum_perf construct_ms=0.000 execute_ms=2.383 prepare_ms=0.001 checksum_ms=2.247 jnmcs_ms=2.237 reused=true
checksum_perf construct_ms=0.000 execute_ms=2.566 prepare_ms=0.001 checksum_ms=2.400 jnmcs_ms=2.389 reused=true
checksum_perf construct_ms=0.000 execute_ms=2.536 prepare_ms=0.001 checksum_ms=2.382 jnmcs_ms=2.372 reused=true
checksum_perf construct_ms=0.000 execute_ms=2.829 prepare_ms=0.001 checksum_ms=2.676 jnmcs_ms=2.664 reused=true
checksum_perf construct_ms=0.000 execute_ms=2.914 prepare_ms=0.001 checksum_ms=2.768 jnmcs_ms=2.759 reused=true
checksum_perf construct_ms=0.000 execute_ms=2.435 prepare_ms=0.001 checksum_ms=2.297 jnmcs_ms=2.288 reused=true
checksum_perf construct_ms=0.000 execute_ms=2.573 prepare_ms=0.001 checksum_ms=2.421 jnmcs_ms=2.412 reused=true
checksum_perf construct_ms=0.000 execute_ms=2.794 prepare_ms=0.001 checksum_ms=2.657 jnmcs_ms=2.647 reused=true
checksum_perf construct_ms=0.000 execute_ms=2.655 prepare_ms=0.001 checksum_ms=2.527 jnmcs_ms=2.517 reused=true
checksum_perf construct_ms=0.000 execute_ms=2.578 prepare_ms=0.001 checksum_ms=2.359 jnmcs_ms=2.349 reused=true
checksum_perf construct_ms=0.000 execute_ms=5.711 prepare_ms=0.001 checksum_ms=5.578 jnmcs_ms=5.560 reused=true
checksum_perf construct_ms=0.000 execute_ms=2.833 prepare_ms=0.001 checksum_ms=2.664 jnmcs_ms=2.602 reused=true
checksum_perf construct_ms=0.000 execute_ms=3.876 prepare_ms=0.001 checksum_ms=3.687 jnmcs_ms=3.630 reused=true
checksum_perf construct_ms=0.000 execute_ms=3.379 prepare_ms=0.001 checksum_ms=2.597 jnmcs_ms=2.583 reused=true
checksum_perf construct_ms=0.000 execute_ms=3.132 prepare_ms=0.001 checksum_ms=2.954 jnmcs_ms=2.940 reused=true
checksum_perf construct_ms=0.000 execute_ms=2.681 prepare_ms=0.001 checksum_ms=2.525 jnmcs_ms=2.513 reused=true
checksum_perf construct_ms=0.000 execute_ms=3.128 prepare_ms=0.001 checksum_ms=3.000 jnmcs_ms=2.983 reused=true
checksum_perf construct_ms=0.000 execute_ms=2.473 prepare_ms=0.001 checksum_ms=2.272 jnmcs_ms=2.262 reused=true
checksum_perf construct_ms=0.000 execute_ms=3.317 prepare_ms=0.001 checksum_ms=3.162 jnmcs_ms=3.153 reused=true
checksum_perf construct_ms=0.000 execute_ms=3.242 prepare_ms=0.001 checksum_ms=2.902 jnmcs_ms=2.892 reused=true
checksum_perf construct_ms=0.000 execute_ms=4.776 prepare_ms=0.001 checksum_ms=4.642 jnmcs_ms=4.625 reused=true
checksum_perf construct_ms=0.000 execute_ms=4.428 prepare_ms=0.001 checksum_ms=4.003 jnmcs_ms=3.978 reused=true
checksum_perf construct_ms=0.000 execute_ms=3.351 prepare_ms=0.001 checksum_ms=3.185 jnmcs_ms=3.172 reused=true
checksum_perf construct_ms=0.000 execute_ms=2.906 prepare_ms=0.001 checksum_ms=2.755 jnmcs_ms=2.745 reused=true
checksum_perf construct_ms=0.000 execute_ms=3.734 prepare_ms=0.001 checksum_ms=3.475 jnmcs_ms=3.458 reused=true
checksum_perf construct_ms=0.000 execute_ms=4.749 prepare_ms=0.002 checksum_ms=4.093 jnmcs_ms=4.055 reused=true
checksum_perf construct_ms=0.000 execute_ms=4.379 prepare_ms=0.001 checksum_ms=4.175 jnmcs_ms=4.152 reused=true
checksum_perf construct_ms=0.000 execute_ms=3.060 prepare_ms=0.001 checksum_ms=2.852 jnmcs_ms=2.829 reused=true
checksum_perf construct_ms=0.000 execute_ms=3.090 prepare_ms=0.001 checksum_ms=2.838 jnmcs_ms=2.825 reused=true
checksum_perf construct_ms=0.000 execute_ms=2.925 prepare_ms=0.001 checksum_ms=2.569 jnmcs_ms=2.557 reused=true
checksum_perf construct_ms=0.000 execute_ms=3.069 prepare_ms=0.001 checksum_ms=2.921 jnmcs_ms=2.908 reused=true
checksum_perf construct_ms=0.000 execute_ms=4.316 prepare_ms=0.002 checksum_ms=4.017 jnmcs_ms=3.972 reused=true
checksum_perf construct_ms=0.000 execute_ms=2.536 prepare_ms=0.001 checksum_ms=2.352 jnmcs_ms=2.342 reused=true
checksum_perf construct_ms=0.000 execute_ms=2.557 prepare_ms=0.001 checksum_ms=2.375 jnmcs_ms=2.366 reused=true
checksum_perf construct_ms=0.000 execute_ms=3.428 prepare_ms=0.001 checksum_ms=3.289 jnmcs_ms=3.277 reused=true
checksum_perf construct_ms=0.000 execute_ms=6.926 prepare_ms=0.001 checksum_ms=6.758 jnmcs_ms=6.741 reused=true
checksum_perf construct_ms=0.000 execute_ms=2.518 prepare_ms=0.001 checksum_ms=2.340 jnmcs_ms=2.324 reused=true
checksum_perf construct_ms=0.000 execute_ms=4.882 prepare_ms=0.001 checksum_ms=4.670 jnmcs_ms=4.646 reused=true
checksum_perf construct_ms=0.000 execute_ms=3.057 prepare_ms=0.001 checksum_ms=2.911 jnmcs_ms=2.898 reused=true
checksum_perf construct_ms=0.000 execute_ms=2.700 prepare_ms=0.001 checksum_ms=2.564 jnmcs_ms=2.555 reused=true
checksum_perf construct_ms=0.000 execute_ms=2.272 prepare_ms=0.001 checksum_ms=2.146 jnmcs_ms=2.136 reused=true
checksum_perf construct_ms=0.000 execute_ms=2.622 prepare_ms=0.001 checksum_ms=2.483 jnmcs_ms=2.475 reused=true
checksum_perf construct_ms=0.000 execute_ms=2.373 prepare_ms=0.001 checksum_ms=2.253 jnmcs_ms=2.244 reused=true
checksum_perf construct_ms=0.000 execute_ms=2.593 prepare_ms=0.001 checksum_ms=2.481 jnmcs_ms=2.472 reused=true
checksum_perf construct_ms=0.000 execute_ms=3.017 prepare_ms=0.001 checksum_ms=2.896 jnmcs_ms=2.887 reused=true
checksum_perf construct_ms=0.000 execute_ms=2.526 prepare_ms=0.001 checksum_ms=2.364 jnmcs_ms=2.354 reused=true
checksum_perf construct_ms=0.000 execute_ms=3.150 prepare_ms=0.001 checksum_ms=2.617 jnmcs_ms=2.598 reused=true
checksum_perf construct_ms=0.000 execute_ms=2.599 prepare_ms=0.001 checksum_ms=2.420 jnmcs_ms=2.411 reused=true
checksum_perf construct_ms=0.000 execute_ms=2.207 prepare_ms=0.001 checksum_ms=2.073 jnmcs_ms=2.066 reused=true
checksum_perf construct_ms=0.000 execute_ms=2.185 prepare_ms=0.001 checksum_ms=2.062 jnmcs_ms=2.056 reused=true
checksum_perf construct_ms=0.000 execute_ms=2.957 prepare_ms=0.000 checksum_ms=2.856 jnmcs_ms=2.847 reused=true
checksum_perf construct_ms=0.000 execute_ms=2.290 prepare_ms=0.001 checksum_ms=2.150 jnmcs_ms=2.142 reused=true
checksum_perf construct_ms=0.000 execute_ms=2.192 prepare_ms=0.001 checksum_ms=2.080 jnmcs_ms=2.074 reused=true
checksum_perf construct_ms=0.000 execute_ms=2.723 prepare_ms=0.001 checksum_ms=2.618 jnmcs_ms=2.609 reused=true
checksum_perf construct_ms=0.000 execute_ms=2.251 prepare_ms=0.000 checksum_ms=2.137 jnmcs_ms=2.121 reused=true
checksum_perf construct_ms=0.000 execute_ms=2.194 prepare_ms=0.001 checksum_ms=2.085 jnmcs_ms=2.079 reused=true
checksum_perf construct_ms=0.000 execute_ms=3.023 prepare_ms=0.000 checksum_ms=2.916 jnmcs_ms=2.907 reused=true
checksum_perf construct_ms=0.000 execute_ms=2.340 prepare_ms=0.001 checksum_ms=2.202 jnmcs_ms=2.194 reused=true
checksum_perf construct_ms=0.000 execute_ms=2.203 prepare_ms=0.001 checksum_ms=2.091 jnmcs_ms=2.085 reused=true
checksum_perf construct_ms=0.000 execute_ms=2.548 prepare_ms=0.001 checksum_ms=2.443 jnmcs_ms=2.435 reused=true
checksum_perf construct_ms=0.000 execute_ms=2.727 prepare_ms=0.001 checksum_ms=2.601 jnmcs_ms=2.593 reused=true
checksum_perf construct_ms=0.000 execute_ms=2.218 prepare_ms=0.001 checksum_ms=2.104 jnmcs_ms=2.098 reused=true
checksum_perf construct_ms=0.000 execute_ms=2.164 prepare_ms=0.001 checksum_ms=2.060 jnmcs_ms=2.055 reused=true
checksum_perf construct_ms=0.000 execute_ms=2.124 prepare_ms=0.000 checksum_ms=2.025 jnmcs_ms=2.021 reused=true
checksum_perf construct_ms=0.000 execute_ms=2.164 prepare_ms=0.001 checksum_ms=2.041 jnmcs_ms=2.035 reused=true
checksum_perf construct_ms=0.000 execute_ms=2.167 prepare_ms=0.000 checksum_ms=2.064 jnmcs_ms=2.057 reused=true
checksum_perf construct_ms=0.000 execute_ms=2.154 prepare_ms=0.000 checksum_ms=2.054 jnmcs_ms=2.049 reused=true
checksum_perf construct_ms=0.000 execute_ms=2.128 prepare_ms=0.000 checksum_ms=2.032 jnmcs_ms=2.028 reused=true
checksum_perf construct_ms=0.000 execute_ms=2.131 prepare_ms=0.001 checksum_ms=2.033 jnmcs_ms=2.028 reused=true
checksum_perf construct_ms=0.000 execute_ms=2.146 prepare_ms=0.000 checksum_ms=2.032 jnmcs_ms=2.027 reused=true
checksum_perf construct_ms=0.000 execute_ms=2.139 prepare_ms=0.000 checksum_ms=2.027 jnmcs_ms=2.023 reused=true
checksum_perf construct_ms=0.000 execute_ms=2.563 prepare_ms=0.001 checksum_ms=2.068 jnmcs_ms=2.063 reused=true
checksum_perf construct_ms=0.000 execute_ms=2.144 prepare_ms=0.000 checksum_ms=2.027 jnmcs_ms=2.022 reused=true
checksum_perf construct_ms=0.000 execute_ms=2.143 prepare_ms=0.001 checksum_ms=2.034 jnmcs_ms=2.030 reused=true
checksum_perf construct_ms=0.000 execute_ms=2.116 prepare_ms=0.000 checksum_ms=2.027 jnmcs_ms=2.023 reused=true
checksum_perf construct_ms=0.000 execute_ms=2.142 prepare_ms=0.000 checksum_ms=2.040 jnmcs_ms=2.034 reused=true
checksum_perf construct_ms=0.000 execute_ms=2.126 prepare_ms=0.001 checksum_ms=2.032 jnmcs_ms=2.026 reused=true
checksum_perf construct_ms=0.000 execute_ms=2.191 prepare_ms=0.000 checksum_ms=2.099 jnmcs_ms=2.094 reused=true
checksum_perf construct_ms=0.000 execute_ms=2.148 prepare_ms=0.000 checksum_ms=2.047 jnmcs_ms=2.042 reused=true
checksum_perf construct_ms=0.000 execute_ms=2.126 prepare_ms=0.000 checksum_ms=2.021 jnmcs_ms=2.017 reused=true
checksum_perf construct_ms=0.000 execute_ms=2.241 prepare_ms=0.000 checksum_ms=2.138 jnmcs_ms=2.131 reused=true
checksum_perf construct_ms=0.000 execute_ms=2.227 prepare_ms=0.001 checksum_ms=2.108 jnmcs_ms=2.083 reused=true
checksum_perf construct_ms=0.000 execute_ms=2.151 prepare_ms=0.001 checksum_ms=2.051 jnmcs_ms=2.046 reused=true
checksum_perf construct_ms=0.000 execute_ms=3.993 prepare_ms=0.001 checksum_ms=3.826 jnmcs_ms=3.804 reused=true
checksum_perf construct_ms=0.000 execute_ms=2.224 prepare_ms=0.001 checksum_ms=2.096 jnmcs_ms=2.088 reused=true
checksum_perf construct_ms=0.000 execute_ms=2.155 prepare_ms=0.001 checksum_ms=2.038 jnmcs_ms=2.033 reused=true
checksum_perf construct_ms=0.000 execute_ms=2.219 prepare_ms=0.000 checksum_ms=2.122 jnmcs_ms=2.115 reused=true
checksum_perf construct_ms=0.000 execute_ms=2.125 prepare_ms=0.000 checksum_ms=2.024 jnmcs_ms=2.016 reused=true
checksum_perf construct_ms=0.000 execute_ms=2.131 prepare_ms=0.000 checksum_ms=2.028 jnmcs_ms=2.024 reused=true
checksum_perf construct_ms=0.000 execute_ms=2.123 prepare_ms=0.001 checksum_ms=2.020 jnmcs_ms=2.016 reused=true
checksum_perf construct_ms=0.000 execute_ms=2.118 prepare_ms=0.000 checksum_ms=2.029 jnmcs_ms=2.025 reused=true
checksum_perf construct_ms=0.000 execute_ms=6.443 prepare_ms=0.000 checksum_ms=6.336 jnmcs_ms=6.324 reused=true
checksum_perf construct_ms=0.000 execute_ms=3.115 prepare_ms=0.001 checksum_ms=2.953 jnmcs_ms=2.940 reused=true
checksum_perf construct_ms=0.000 execute_ms=3.950 prepare_ms=0.001 checksum_ms=3.807 jnmcs_ms=3.782 reused=true
checksum_perf construct_ms=0.000 execute_ms=6.439 prepare_ms=0.001 checksum_ms=6.055 jnmcs_ms=6.029 reused=true
checksum_perf construct_ms=0.000 execute_ms=2.427 prepare_ms=0.001 checksum_ms=2.282 jnmcs_ms=2.272 reused=true
checksum_perf construct_ms=0.000 execute_ms=7.883 prepare_ms=0.001 checksum_ms=7.766 jnmcs_ms=7.750 reused=true
checksum_perf construct_ms=0.000 execute_ms=2.735 prepare_ms=0.001 checksum_ms=2.300 jnmcs_ms=2.286 reused=true
checksum_perf construct_ms=0.000 execute_ms=4.287 prepare_ms=0.002 checksum_ms=3.585 jnmcs_ms=3.357 reused=true
checksum_perf construct_ms=0.000 execute_ms=2.241 prepare_ms=0.001 checksum_ms=2.114 jnmcs_ms=2.105 reused=true
checksum_perf construct_ms=0.000 execute_ms=4.550 prepare_ms=0.001 checksum_ms=2.178 jnmcs_ms=2.169 reused=true
checksum_perf construct_ms=0.000 execute_ms=2.231 prepare_ms=0.001 checksum_ms=2.100 jnmcs_ms=2.093 reused=true
checksum_perf construct_ms=0.000 execute_ms=5.482 prepare_ms=0.001 checksum_ms=5.364 jnmcs_ms=5.332 reused=true
checksum_perf construct_ms=0.000 execute_ms=6.334 prepare_ms=0.001 checksum_ms=5.861 jnmcs_ms=5.818 reused=true
checksum_perf construct_ms=0.000 execute_ms=11.423 prepare_ms=0.001 checksum_ms=10.999 jnmcs_ms=10.952 reused=true
checksum_perf construct_ms=0.000 execute_ms=4.285 prepare_ms=0.001 checksum_ms=4.088 jnmcs_ms=4.067 reused=true
checksum_perf construct_ms=0.000 execute_ms=8.656 prepare_ms=0.001 checksum_ms=8.467 jnmcs_ms=8.439 reused=true
checksum_perf construct_ms=0.000 execute_ms=6.443 prepare_ms=0.001 checksum_ms=6.046 jnmcs_ms=6.020 reused=true
checksum_perf construct_ms=0.000 execute_ms=5.113 prepare_ms=0.001 checksum_ms=4.881 jnmcs_ms=4.853 reused=true
checksum_perf construct_ms=0.000 execute_ms=5.305 prepare_ms=0.001 checksum_ms=5.130 jnmcs_ms=5.101 reused=true
checksum_perf construct_ms=0.000 execute_ms=5.538 prepare_ms=0.001 checksum_ms=5.202 jnmcs_ms=5.179 reused=true
checksum_perf construct_ms=0.000 execute_ms=11.920 prepare_ms=0.001 checksum_ms=11.702 jnmcs_ms=11.665 reused=true
checksum_perf construct_ms=0.000 execute_ms=3.652 prepare_ms=0.002 checksum_ms=3.110 jnmcs_ms=3.069 reused=true
checksum_perf construct_ms=0.000 execute_ms=2.640 prepare_ms=0.001 checksum_ms=2.459 jnmcs_ms=2.444 reused=true
checksum_perf construct_ms=0.000 execute_ms=2.335 prepare_ms=0.001 checksum_ms=2.200 jnmcs_ms=2.192 reused=true
checksum_perf construct_ms=0.000 execute_ms=2.286 prepare_ms=0.001 checksum_ms=2.171 jnmcs_ms=2.165 reused=true
checksum_perf construct_ms=0.000 execute_ms=2.352 prepare_ms=0.000 checksum_ms=2.241 jnmcs_ms=2.233 reused=true
checksum_perf construct_ms=0.000 execute_ms=2.490 prepare_ms=0.001 checksum_ms=2.358 jnmcs_ms=2.349 reused=true
checksum_perf construct_ms=0.000 execute_ms=2.647 prepare_ms=0.001 checksum_ms=2.462 jnmcs_ms=2.452 reused=true
checksum_perf construct_ms=0.000 execute_ms=2.376 prepare_ms=0.001 checksum_ms=2.236 jnmcs_ms=2.227 reused=true
checksum_perf construct_ms=0.000 execute_ms=2.600 prepare_ms=0.001 checksum_ms=2.427 jnmcs_ms=2.419 reused=true
checksum_perf construct_ms=0.000 execute_ms=3.984 prepare_ms=0.001 checksum_ms=3.652 jnmcs_ms=3.641 reused=true
checksum_perf construct_ms=0.000 execute_ms=2.974 prepare_ms=0.001 checksum_ms=2.846 jnmcs_ms=2.834 reused=true
checksum_perf construct_ms=0.000 execute_ms=2.847 prepare_ms=0.001 checksum_ms=2.695 jnmcs_ms=2.682 reused=true
checksum_perf construct_ms=0.000 execute_ms=2.383 prepare_ms=0.001 checksum_ms=2.252 jnmcs_ms=2.241 reused=true
checksum_perf construct_ms=0.000 execute_ms=2.692 prepare_ms=0.001 checksum_ms=2.563 jnmcs_ms=2.555 reused=true
checksum_perf construct_ms=0.000 execute_ms=4.484 prepare_ms=0.001 checksum_ms=4.119 jnmcs_ms=4.090 reused=true
checksum_perf construct_ms=0.000 execute_ms=3.008 prepare_ms=0.001 checksum_ms=2.847 jnmcs_ms=2.830 reused=true
checksum_perf construct_ms=0.000 execute_ms=3.594 prepare_ms=0.001 checksum_ms=3.455 jnmcs_ms=3.443 reused=true
checksum_perf construct_ms=0.000 execute_ms=2.278 prepare_ms=0.001 checksum_ms=2.147 jnmcs_ms=2.137 reused=true
checksum_perf construct_ms=0.000 execute_ms=7.094 prepare_ms=0.001 checksum_ms=6.948 jnmcs_ms=6.886 reused=true
checksum_perf construct_ms=0.000 execute_ms=5.084 prepare_ms=0.002 checksum_ms=4.610 jnmcs_ms=4.568 reused=true
checksum_perf construct_ms=0.000 execute_ms=4.365 prepare_ms=0.001 checksum_ms=4.171 jnmcs_ms=4.153 reused=true
checksum_perf construct_ms=0.000 execute_ms=3.329 prepare_ms=0.001 checksum_ms=3.169 jnmcs_ms=3.156 reused=true
checksum_perf construct_ms=0.000 execute_ms=2.560 prepare_ms=0.001 checksum_ms=2.394 jnmcs_ms=2.383 reused=true
checksum_perf construct_ms=0.000 execute_ms=7.166 prepare_ms=0.001 checksum_ms=6.764 jnmcs_ms=6.739 reused=true
checksum_perf construct_ms=0.000 execute_ms=5.878 prepare_ms=0.001 checksum_ms=5.370 jnmcs_ms=5.321 reused=true
checksum_perf construct_ms=0.000 execute_ms=4.859 prepare_ms=0.001 checksum_ms=4.625 jnmcs_ms=4.599 reused=true
checksum_perf construct_ms=0.000 execute_ms=3.589 prepare_ms=0.001 checksum_ms=3.400 jnmcs_ms=3.380 reused=true
checksum_perf construct_ms=0.000 execute_ms=3.749 prepare_ms=0.001 checksum_ms=3.563 jnmcs_ms=3.550 reused=true
checksum_perf construct_ms=0.000 execute_ms=4.400 prepare_ms=0.001 checksum_ms=3.939 jnmcs_ms=3.916 reused=true
checksum_perf construct_ms=0.000 execute_ms=2.735 prepare_ms=0.001 checksum_ms=2.562 jnmcs_ms=2.545 reused=true
checksum_perf construct_ms=0.000 execute_ms=3.147 prepare_ms=0.001 checksum_ms=2.986 jnmcs_ms=2.971 reused=true
checksum_perf construct_ms=0.000 execute_ms=2.270 prepare_ms=0.001 checksum_ms=2.134 jnmcs_ms=2.125 reused=true
checksum_perf construct_ms=0.000 execute_ms=2.393 prepare_ms=0.001 checksum_ms=2.277 jnmcs_ms=2.250 reused=true
checksum_perf construct_ms=0.000 execute_ms=4.022 prepare_ms=0.001 checksum_ms=3.658 jnmcs_ms=3.632 reused=true
checksum_perf construct_ms=0.000 execute_ms=4.125 prepare_ms=0.001 checksum_ms=3.704 jnmcs_ms=3.678 reused=true
checksum_perf construct_ms=0.000 execute_ms=2.549 prepare_ms=0.001 checksum_ms=2.379 jnmcs_ms=2.366 reused=true
checksum_perf construct_ms=0.000 execute_ms=2.240 prepare_ms=0.001 checksum_ms=2.098 jnmcs_ms=2.090 reused=true
checksum_perf construct_ms=0.000 execute_ms=2.248 prepare_ms=0.001 checksum_ms=2.130 jnmcs_ms=2.124 reused=true
checksum_perf construct_ms=0.000 execute_ms=2.740 prepare_ms=0.001 checksum_ms=2.626 jnmcs_ms=2.615 reused=true
checksum_perf construct_ms=0.000 execute_ms=3.581 prepare_ms=0.001 checksum_ms=3.184 jnmcs_ms=3.173 reused=true
checksum_perf construct_ms=0.000 execute_ms=3.018 prepare_ms=0.001 checksum_ms=2.869 jnmcs_ms=2.733 reused=true
checksum_perf construct_ms=0.000 execute_ms=2.769 prepare_ms=0.001 checksum_ms=2.220 jnmcs_ms=2.210 reused=true
checksum_perf construct_ms=0.000 execute_ms=2.232 prepare_ms=0.001 checksum_ms=2.104 jnmcs_ms=2.097 reused=true
checksum_perf construct_ms=0.000 execute_ms=4.013 prepare_ms=0.001 checksum_ms=3.906 jnmcs_ms=3.857 reused=true
checksum_perf construct_ms=0.000 execute_ms=4.314 prepare_ms=0.001 checksum_ms=3.990 jnmcs_ms=3.971 reused=true
checksum_perf construct_ms=0.000 execute_ms=2.640 prepare_ms=0.001 checksum_ms=2.461 jnmcs_ms=2.448 reused=true
checksum_perf construct_ms=0.000 execute_ms=3.950 prepare_ms=0.002 checksum_ms=3.546 jnmcs_ms=3.523 reused=true
checksum_perf construct_ms=0.000 execute_ms=3.331 prepare_ms=0.001 checksum_ms=3.165 jnmcs_ms=3.134 reused=true
checksum_perf construct_ms=0.000 execute_ms=2.940 prepare_ms=0.001 checksum_ms=2.517 jnmcs_ms=2.484 reused=true
checksum_perf construct_ms=0.000 execute_ms=2.404 prepare_ms=0.001 checksum_ms=2.258 jnmcs_ms=2.246 reused=true
checksum_perf construct_ms=0.000 execute_ms=4.549 prepare_ms=0.001 checksum_ms=4.391 jnmcs_ms=4.343 reused=true
checksum_perf construct_ms=0.000 execute_ms=5.029 prepare_ms=0.001 checksum_ms=4.385 jnmcs_ms=4.357 reused=true
checksum_perf construct_ms=0.000 execute_ms=12.241 prepare_ms=0.001 checksum_ms=11.253 jnmcs_ms=11.210 reused=true
checksum_perf construct_ms=0.000 execute_ms=18.057 prepare_ms=0.001 checksum_ms=17.288 jnmcs_ms=17.261 reused=true
checksum_perf construct_ms=0.000 execute_ms=4.551 prepare_ms=0.001 checksum_ms=4.008 jnmcs_ms=3.989 reused=true
checksum_perf construct_ms=0.000 execute_ms=7.164 prepare_ms=0.001 checksum_ms=6.993 jnmcs_ms=6.958 reused=true
checksum_perf construct_ms=0.000 execute_ms=3.498 prepare_ms=0.001 checksum_ms=3.159 jnmcs_ms=3.141 reused=true
checksum_perf construct_ms=0.000 execute_ms=2.386 prepare_ms=0.001 checksum_ms=2.224 jnmcs_ms=2.214 reused=true
checksum_perf construct_ms=0.000 execute_ms=2.779 prepare_ms=0.001 checksum_ms=2.647 jnmcs_ms=2.637 reused=true
checksum_perf construct_ms=0.000 execute_ms=2.224 prepare_ms=0.001 checksum_ms=2.082 jnmcs_ms=2.074 reused=true
checksum_perf construct_ms=0.000 execute_ms=4.387 prepare_ms=0.001 checksum_ms=4.271 jnmcs_ms=4.259 reused=true
checksum_perf construct_ms=0.000 execute_ms=2.675 prepare_ms=0.001 checksum_ms=2.495 jnmcs_ms=2.484 reused=true
checksum_perf construct_ms=0.000 execute_ms=3.104 prepare_ms=0.001 checksum_ms=2.965 jnmcs_ms=2.956 reused=true
checksum_perf construct_ms=0.000 execute_ms=2.333 prepare_ms=0.001 checksum_ms=2.208 jnmcs_ms=2.200 reused=true
checksum_perf construct_ms=0.000 execute_ms=3.382 prepare_ms=0.001 checksum_ms=3.265 jnmcs_ms=3.256 reused=true
checksum_perf construct_ms=0.000 execute_ms=2.879 prepare_ms=0.001 checksum_ms=2.754 jnmcs_ms=2.745 reused=true
checksum_perf construct_ms=0.000 execute_ms=4.043 prepare_ms=0.001 checksum_ms=3.628 jnmcs_ms=3.610 reused=true
checksum_perf construct_ms=0.000 execute_ms=6.094 prepare_ms=0.001 checksum_ms=5.952 jnmcs_ms=5.934 reused=true
checksum_perf construct_ms=0.000 execute_ms=2.658 prepare_ms=0.001 checksum_ms=2.510 jnmcs_ms=2.495 reused=true
checksum_perf construct_ms=0.000 execute_ms=2.368 prepare_ms=0.001 checksum_ms=2.233 jnmcs_ms=2.224 reused=true
checksum_perf construct_ms=0.000 execute_ms=2.258 prepare_ms=0.001 checksum_ms=2.140 jnmcs_ms=2.134 reused=true
checksum_perf construct_ms=0.000 execute_ms=2.209 prepare_ms=0.001 checksum_ms=2.099 jnmcs_ms=2.093 reused=true
checksum_perf construct_ms=0.000 execute_ms=2.218 prepare_ms=0.001 checksum_ms=2.110 jnmcs_ms=2.094 reused=true
checksum_perf construct_ms=0.000 execute_ms=3.752 prepare_ms=0.001 checksum_ms=3.628 jnmcs_ms=3.617 reused=true
checksum_perf construct_ms=0.000 execute_ms=3.336 prepare_ms=0.001 checksum_ms=2.934 jnmcs_ms=2.916 reused=true
checksum_perf construct_ms=0.000 execute_ms=3.616 prepare_ms=0.001 checksum_ms=3.384 jnmcs_ms=3.376 reused=true
checksum_perf construct_ms=0.000 execute_ms=3.891 prepare_ms=0.001 checksum_ms=3.707 jnmcs_ms=3.698 reused=true
checksum_perf construct_ms=0.000 execute_ms=2.924 prepare_ms=0.001 checksum_ms=2.632 jnmcs_ms=2.624 reused=true
checksum_perf construct_ms=0.000 execute_ms=2.617 prepare_ms=0.001 checksum_ms=2.484 jnmcs_ms=2.475 reused=true
checksum_perf construct_ms=0.000 execute_ms=2.617 prepare_ms=0.001 checksum_ms=2.481 jnmcs_ms=2.475 reused=true
checksum_perf construct_ms=0.000 execute_ms=2.295 prepare_ms=0.001 checksum_ms=2.162 jnmcs_ms=2.156 reused=true
